<?xml version="1.0" encoding="UTF-8"?>
<testsuites>
  <testsuite name="/app/phpunit.xml.dist" tests="97" assertions="222" errors="0" failures="0" skipped="0" time="3.491552">
    <testsuite name="Unit" tests="22" assertions="132" errors="0" failures="0" skipped="0" time="0.739263">
      <testsuite name="Tests\Unit\Playground\Make\Controller\Configuration\Controller\InstanceTest" file="/app/tests/Unit/Configuration/Controller/InstanceTest.php" tests="5" assertions="32" errors="0" failures="0" skipped="0" time="0.322260">
        <testcase name="test_instance" file="/app/tests/Unit/Configuration/Controller/InstanceTest.php" line="19" class="Tests\Unit\Playground\Make\Controller\Configuration\Controller\InstanceTest" classname="Tests.Unit.Playground.Make.Controller.Configuration.Controller.InstanceTest" assertions="1" time="0.229552"/>
        <testcase name="test_instance_apply_without_options" file="/app/tests/Unit/Configuration/Controller/InstanceTest.php" line="59" class="Tests\Unit\Playground\Make\Controller\Configuration\Controller\InstanceTest" classname="Tests.Unit.Playground.Make.Controller.Configuration.Controller.InstanceTest" assertions="4" time="0.023722"/>
        <testcase name="test_folder_is_empty_by_default" file="/app/tests/Unit/Configuration/Controller/InstanceTest.php" line="76" class="Tests\Unit\Playground\Make\Controller\Configuration\Controller\InstanceTest" classname="Tests.Unit.Playground.Make.Controller.Configuration.Controller.InstanceTest" assertions="3" time="0.022148"/>
        <testcase name="test_resource_controller_with_file_and_skeleton" file="/app/tests/Unit/Configuration/Controller/InstanceTest.php" line="86" class="Tests\Unit\Playground\Make\Controller\Configuration\Controller\InstanceTest" classname="Tests.Unit.Playground.Make.Controller.Configuration.Controller.InstanceTest" assertions="12" time="0.022395"/>
        <testcase name="test_api_controller_with_file_and_skeleton" file="/app/tests/Unit/Configuration/Controller/InstanceTest.php" line="138" class="Tests\Unit\Playground\Make\Controller\Configuration\Controller\InstanceTest" classname="Tests.Unit.Playground.Make.Controller.Configuration.Controller.InstanceTest" assertions="12" time="0.024443"/>
      </testsuite>
      <testsuite name="Tests\Unit\Playground\Make\Controller\Configuration\Policy\InstanceTest" file="/app/tests/Unit/Configuration/Policy/InstanceTest.php" tests="4" assertions="23" errors="0" failures="0" skipped="0" time="0.097494">
        <testcase name="test_instance" file="/app/tests/Unit/Configuration/Policy/InstanceTest.php" line="19" class="Tests\Unit\Playground\Make\Controller\Configuration\Policy\InstanceTest" classname="Tests.Unit.Playground.Make.Controller.Configuration.Policy.InstanceTest" assertions="1" time="0.031232"/>
        <testcase name="test_instance_apply_without_options" file="/app/tests/Unit/Configuration/Policy/InstanceTest.php" line="48" class="Tests\Unit\Playground\Make\Controller\Configuration\Policy\InstanceTest" classname="Tests.Unit.Playground.Make.Controller.Configuration.Policy.InstanceTest" assertions="4" time="0.022025"/>
        <testcase name="test_folder_is_empty_by_default" file="/app/tests/Unit/Configuration/Policy/InstanceTest.php" line="65" class="Tests\Unit\Playground\Make\Controller\Configuration\Policy\InstanceTest" classname="Tests.Unit.Playground.Make.Controller.Configuration.Policy.InstanceTest" assertions="3" time="0.021822"/>
        <testcase name="test_test_with_file_and_skeleton" file="/app/tests/Unit/Configuration/Policy/InstanceTest.php" line="75" class="Tests\Unit\Playground\Make\Controller\Configuration\Policy\InstanceTest" classname="Tests.Unit.Playground.Make.Controller.Configuration.Policy.InstanceTest" assertions="15" time="0.022415"/>
      </testsuite>
      <testsuite name="Tests\Unit\Playground\Make\Controller\Configuration\Request\InstanceTest" file="/app/tests/Unit/Configuration/Request/InstanceTest.php" tests="4" assertions="19" errors="0" failures="0" skipped="0" time="0.098785">
        <testcase name="test_instance" file="/app/tests/Unit/Configuration/Request/InstanceTest.php" line="19" class="Tests\Unit\Playground\Make\Controller\Configuration\Request\InstanceTest" classname="Tests.Unit.Playground.Make.Controller.Configuration.Request.InstanceTest" assertions="1" time="0.032772"/>
        <testcase name="test_instance_apply_without_options" file="/app/tests/Unit/Configuration/Request/InstanceTest.php" line="53" class="Tests\Unit\Playground\Make\Controller\Configuration\Request\InstanceTest" classname="Tests.Unit.Playground.Make.Controller.Configuration.Request.InstanceTest" assertions="4" time="0.021704"/>
        <testcase name="test_folder_is_empty_by_default" file="/app/tests/Unit/Configuration/Request/InstanceTest.php" line="70" class="Tests\Unit\Playground\Make\Controller\Configuration\Request\InstanceTest" classname="Tests.Unit.Playground.Make.Controller.Configuration.Request.InstanceTest" assertions="3" time="0.021867"/>
        <testcase name="test_test_with_file_and_skeleton" file="/app/tests/Unit/Configuration/Request/InstanceTest.php" line="80" class="Tests\Unit\Playground\Make\Controller\Configuration\Request\InstanceTest" classname="Tests.Unit.Playground.Make.Controller.Configuration.Request.InstanceTest" assertions="11" time="0.022443"/>
      </testsuite>
      <testsuite name="Tests\Unit\Playground\Make\Controller\Configuration\Resource\InstanceTest" file="/app/tests/Unit/Configuration/Resource/InstanceTest.php" tests="5" assertions="28" errors="0" failures="0" skipped="0" time="0.116289">
        <testcase name="test_instance" file="/app/tests/Unit/Configuration/Resource/InstanceTest.php" line="19" class="Tests\Unit\Playground\Make\Controller\Configuration\Resource\InstanceTest" classname="Tests.Unit.Playground.Make.Controller.Configuration.Resource.InstanceTest" assertions="1" time="0.027921"/>
        <testcase name="test_instance_apply_without_options" file="/app/tests/Unit/Configuration/Resource/InstanceTest.php" line="48" class="Tests\Unit\Playground\Make\Controller\Configuration\Resource\InstanceTest" classname="Tests.Unit.Playground.Make.Controller.Configuration.Resource.InstanceTest" assertions="4" time="0.021563"/>
        <testcase name="test_folder_is_empty_by_default" file="/app/tests/Unit/Configuration/Resource/InstanceTest.php" line="65" class="Tests\Unit\Playground\Make\Controller\Configuration\Resource\InstanceTest" classname="Tests.Unit.Playground.Make.Controller.Configuration.Resource.InstanceTest" assertions="3" time="0.021950"/>
        <testcase name="test_with_file_and_skeleton" file="/app/tests/Unit/Configuration/Resource/InstanceTest.php" line="75" class="Tests\Unit\Playground\Make\Controller\Configuration\Resource\InstanceTest" classname="Tests.Unit.Playground.Make.Controller.Configuration.Resource.InstanceTest" assertions="10" time="0.022337"/>
        <testcase name="test_with_file_and_skeleton_as_collection" file="/app/tests/Unit/Configuration/Resource/InstanceTest.php" line="108" class="Tests\Unit\Playground\Make\Controller\Configuration\Resource\InstanceTest" classname="Tests.Unit.Playground.Make.Controller.Configuration.Resource.InstanceTest" assertions="10" time="0.022518"/>
      </testsuite>
      <testsuite name="Tests\Unit\Playground\Make\Controller\Configuration\Route\InstanceTest" file="/app/tests/Unit/Configuration/Route/InstanceTest.php" tests="4" assertions="30" errors="0" failures="0" skipped="0" time="0.104435">
        <testcase name="test_instance" file="/app/tests/Unit/Configuration/Route/InstanceTest.php" line="19" class="Tests\Unit\Playground\Make\Controller\Configuration\Route\InstanceTest" classname="Tests.Unit.Playground.Make.Controller.Configuration.Route.InstanceTest" assertions="1" time="0.037522"/>
        <testcase name="test_instance_apply_without_options" file="/app/tests/Unit/Configuration/Route/InstanceTest.php" line="56" class="Tests\Unit\Playground\Make\Controller\Configuration\Route\InstanceTest" classname="Tests.Unit.Playground.Make.Controller.Configuration.Route.InstanceTest" assertions="4" time="0.022149"/>
        <testcase name="test_folder_is_empty_by_default" file="/app/tests/Unit/Configuration/Route/InstanceTest.php" line="73" class="Tests\Unit\Playground\Make\Controller\Configuration\Route\InstanceTest" classname="Tests.Unit.Playground.Make.Controller.Configuration.Route.InstanceTest" assertions="3" time="0.021833"/>
        <testcase name="test_with_file_and_skeleton" file="/app/tests/Unit/Configuration/Route/InstanceTest.php" line="83" class="Tests\Unit\Playground\Make\Controller\Configuration\Route\InstanceTest" classname="Tests.Unit.Playground.Make.Controller.Configuration.Route.InstanceTest" assertions="22" time="0.022931"/>
      </testsuite>
    </testsuite>
    <testsuite name="Feature" tests="75" assertions="90" errors="0" failures="0" skipped="0" time="2.752289">
      <testsuite name="Tests\Feature\Playground\Make\Controller\Console\Commands\About\CommandTest" file="/app/tests/Feature/Console/Commands/About/CommandTest.php" tests="1" assertions="2" errors="0" failures="0" skipped="0" time="0.563589">
        <testcase name="test_command_about_displays_package_information_and_succeed_with_code_0" file="/app/tests/Feature/Console/Commands/About/CommandTest.php" line="27" class="Tests\Feature\Playground\Make\Controller\Console\Commands\About\CommandTest" classname="Tests.Feature.Playground.Make.Controller.Console.Commands.About.CommandTest" assertions="2" time="0.563589"/>
      </testsuite>
      <testsuite name="Tests\Feature\Playground\Make\Controller\Console\Commands\ControllerMakeCommand\CommandTest" file="/app/tests/Feature/Console/Commands/ControllerMakeCommand/CommandTest.php" tests="2" assertions="3" errors="0" failures="0" skipped="0" time="0.060077">
        <testcase name="test_command_without_options_or_arguments" file="/app/tests/Feature/Console/Commands/ControllerMakeCommand/CommandTest.php" line="20" class="Tests\Feature\Playground\Make\Controller\Console\Commands\ControllerMakeCommand\CommandTest" classname="Tests.Feature.Playground.Make.Controller.Console.Commands.ControllerMakeCommand.CommandTest" assertions="2" time="0.029773"/>
        <testcase name="test_command_skeleton" file="/app/tests/Feature/Console/Commands/ControllerMakeCommand/CommandTest.php" line="30" class="Tests\Feature\Playground\Make\Controller\Console\Commands\ControllerMakeCommand\CommandTest" classname="Tests.Feature.Playground.Make.Controller.Console.Commands.ControllerMakeCommand.CommandTest" assertions="1" time="0.030304"/>
      </testsuite>
      <testsuite name="Tests\Feature\Playground\Make\Controller\Console\Commands\ControllerMakeCommand\FileTest" file="/app/tests/Feature/Console/Commands/ControllerMakeCommand/FileTest.php" tests="2" assertions="2" errors="0" failures="0" skipped="0" time="0.071385">
        <testcase name="test_command_make_controller_with_force_and_without_skeleton" file="/app/tests/Feature/Console/Commands/ControllerMakeCommand/FileTest.php" line="20" class="Tests\Feature\Playground\Make\Controller\Console\Commands\ControllerMakeCommand\FileTest" classname="Tests.Feature.Playground.Make.Controller.Console.Commands.ControllerMakeCommand.FileTest" assertions="1" time="0.039187"/>
        <testcase name="test_command_make_controller_with_force_and_with_skeleton" file="/app/tests/Feature/Console/Commands/ControllerMakeCommand/FileTest.php" line="34" class="Tests\Feature\Playground\Make\Controller\Console\Commands\ControllerMakeCommand\FileTest" classname="Tests.Feature.Playground.Make.Controller.Console.Commands.ControllerMakeCommand.FileTest" assertions="1" time="0.032198"/>
      </testsuite>
      <testsuite name="Tests\Feature\Playground\Make\Controller\Console\Commands\PolicyMakeCommand\CommandTest" file="/app/tests/Feature/Console/Commands/PolicyMakeCommand/CommandTest.php" tests="10" assertions="12" errors="0" failures="0" skipped="0" time="0.281450">
        <testcase name="test_command_without_options_or_arguments" file="/app/tests/Feature/Console/Commands/PolicyMakeCommand/CommandTest.php" line="19" class="Tests\Feature\Playground\Make\Controller\Console\Commands\PolicyMakeCommand\CommandTest" classname="Tests.Feature.Playground.Make.Controller.Console.Commands.PolicyMakeCommand.CommandTest" assertions="2" time="0.025635"/>
        <testcase name="test_command_skeleton" file="/app/tests/Feature/Console/Commands/PolicyMakeCommand/CommandTest.php" line="29" class="Tests\Feature\Playground\Make\Controller\Console\Commands\PolicyMakeCommand\CommandTest" classname="Tests.Feature.Playground.Make.Controller.Console.Commands.PolicyMakeCommand.CommandTest" assertions="1" time="0.027480"/>
        <testcase name="test_command_skeleton_with_roles_action" file="/app/tests/Feature/Console/Commands/PolicyMakeCommand/CommandTest.php" line="38" class="Tests\Feature\Playground\Make\Controller\Console\Commands\PolicyMakeCommand\CommandTest" classname="Tests.Feature.Playground.Make.Controller.Console.Commands.PolicyMakeCommand.CommandTest" assertions="1" time="0.028378"/>
        <testcase name="test_command_skeleton_with_roles_view" file="/app/tests/Feature/Console/Commands/PolicyMakeCommand/CommandTest.php" line="47" class="Tests\Feature\Playground\Make\Controller\Console\Commands\PolicyMakeCommand\CommandTest" classname="Tests.Feature.Playground.Make.Controller.Console.Commands.PolicyMakeCommand.CommandTest" assertions="1" time="0.028523"/>
        <testcase name="test_command_skeleton_with_roles_and_action_view" file="/app/tests/Feature/Console/Commands/PolicyMakeCommand/CommandTest.php" line="56" class="Tests\Feature\Playground\Make\Controller\Console\Commands\PolicyMakeCommand\CommandTest" classname="Tests.Feature.Playground.Make.Controller.Console.Commands.PolicyMakeCommand.CommandTest" assertions="1" time="0.028599"/>
        <testcase name="test_command_userProviderModelGuard_with_invalid_guard" file="/app/tests/Feature/Console/Commands/PolicyMakeCommand/CommandTest.php" line="65" class="Tests\Feature\Playground\Make\Controller\Console\Commands\PolicyMakeCommand\CommandTest" classname="Tests.Feature.Playground.Make.Controller.Console.Commands.PolicyMakeCommand.CommandTest" assertions="2" time="0.026154"/>
        <testcase name="test_command_skeleton_with_type_playground_resource" file="/app/tests/Feature/Console/Commands/PolicyMakeCommand/CommandTest.php" line="79" class="Tests\Feature\Playground\Make\Controller\Console\Commands\PolicyMakeCommand\CommandTest" classname="Tests.Feature.Playground.Make.Controller.Console.Commands.PolicyMakeCommand.CommandTest" assertions="1" time="0.028626"/>
        <testcase name="test_command_skeleton_with_type_playground_api" file="/app/tests/Feature/Console/Commands/PolicyMakeCommand/CommandTest.php" line="88" class="Tests\Feature\Playground\Make\Controller\Console\Commands\PolicyMakeCommand\CommandTest" classname="Tests.Feature.Playground.Make.Controller.Console.Commands.PolicyMakeCommand.CommandTest" assertions="1" time="0.029953"/>
        <testcase name="test_command_skeleton_with_type_api" file="/app/tests/Feature/Console/Commands/PolicyMakeCommand/CommandTest.php" line="97" class="Tests\Feature\Playground\Make\Controller\Console\Commands\PolicyMakeCommand\CommandTest" classname="Tests.Feature.Playground.Make.Controller.Console.Commands.PolicyMakeCommand.CommandTest" assertions="1" time="0.028976"/>
        <testcase name="test_command_skeleton_with_type_resource" file="/app/tests/Feature/Console/Commands/PolicyMakeCommand/CommandTest.php" line="106" class="Tests\Feature\Playground\Make\Controller\Console\Commands\PolicyMakeCommand\CommandTest" classname="Tests.Feature.Playground.Make.Controller.Console.Commands.PolicyMakeCommand.CommandTest" assertions="1" time="0.029126"/>
      </testsuite>
      <testsuite name="Tests\Feature\Playground\Make\Controller\Console\Commands\PolicyMakeCommand\FileTest" file="/app/tests/Feature/Console/Commands/PolicyMakeCommand/FileTest.php" tests="2" assertions="2" errors="0" failures="0" skipped="0" time="0.059658">
        <testcase name="test_command_make_policy_with_force_and_without_skeleton" file="/app/tests/Feature/Console/Commands/PolicyMakeCommand/FileTest.php" line="19" class="Tests\Feature\Playground\Make\Controller\Console\Commands\PolicyMakeCommand\FileTest" classname="Tests.Feature.Playground.Make.Controller.Console.Commands.PolicyMakeCommand.FileTest" assertions="1" time="0.030529"/>
        <testcase name="test_command_make_policy_with_force_and_with_skeleton" file="/app/tests/Feature/Console/Commands/PolicyMakeCommand/FileTest.php" line="33" class="Tests\Feature\Playground\Make\Controller\Console\Commands\PolicyMakeCommand\FileTest" classname="Tests.Feature.Playground.Make.Controller.Console.Commands.PolicyMakeCommand.FileTest" assertions="1" time="0.029129"/>
      </testsuite>
      <testsuite name="Tests\Feature\Playground\Make\Controller\Console\Commands\RequestMakeCommand\AbstractTest" file="/app/tests/Feature/Console/Commands/RequestMakeCommand/AbstractTest.php" tests="6" assertions="6" errors="0" failures="0" skipped="0" time="0.173741">
        <testcase name="test_command_make_abstract_request_with_force_and_without_skeleton" file="/app/tests/Feature/Console/Commands/RequestMakeCommand/AbstractTest.php" line="19" class="Tests\Feature\Playground\Make\Controller\Console\Commands\RequestMakeCommand\AbstractTest" classname="Tests.Feature.Playground.Make.Controller.Console.Commands.RequestMakeCommand.AbstractTest" assertions="1" time="0.027909"/>
        <testcase name="test_command_make_abstract_request_with_force_and_with_skeleton" file="/app/tests/Feature/Console/Commands/RequestMakeCommand/AbstractTest.php" line="30" class="Tests\Feature\Playground\Make\Controller\Console\Commands\RequestMakeCommand\AbstractTest" classname="Tests.Feature.Playground.Make.Controller.Console.Commands.RequestMakeCommand.AbstractTest" assertions="1" time="0.028169"/>
        <testcase name="test_command_make_abstract_index_request_with_force_and_without_skeleton" file="/app/tests/Feature/Console/Commands/RequestMakeCommand/AbstractTest.php" line="41" class="Tests\Feature\Playground\Make\Controller\Console\Commands\RequestMakeCommand\AbstractTest" classname="Tests.Feature.Playground.Make.Controller.Console.Commands.RequestMakeCommand.AbstractTest" assertions="1" time="0.028649"/>
        <testcase name="test_command_make_abstract_index_request_with_force_and_with_skeleton" file="/app/tests/Feature/Console/Commands/RequestMakeCommand/AbstractTest.php" line="52" class="Tests\Feature\Playground\Make\Controller\Console\Commands\RequestMakeCommand\AbstractTest" classname="Tests.Feature.Playground.Make.Controller.Console.Commands.RequestMakeCommand.AbstractTest" assertions="1" time="0.028860"/>
        <testcase name="test_command_make_abstract_store_request_with_force_and_without_skeleton" file="/app/tests/Feature/Console/Commands/RequestMakeCommand/AbstractTest.php" line="63" class="Tests\Feature\Playground\Make\Controller\Console\Commands\RequestMakeCommand\AbstractTest" classname="Tests.Feature.Playground.Make.Controller.Console.Commands.RequestMakeCommand.AbstractTest" assertions="1" time="0.031241"/>
        <testcase name="test_command_make_abstract_store_request_with_force_and_with_skeleton" file="/app/tests/Feature/Console/Commands/RequestMakeCommand/AbstractTest.php" line="74" class="Tests\Feature\Playground\Make\Controller\Console\Commands\RequestMakeCommand\AbstractTest" classname="Tests.Feature.Playground.Make.Controller.Console.Commands.RequestMakeCommand.AbstractTest" assertions="1" time="0.028914"/>
      </testsuite>
      <testsuite name="Tests\Feature\Playground\Make\Controller\Console\Commands\RequestMakeCommand\CommandTest" file="/app/tests/Feature/Console/Commands/RequestMakeCommand/CommandTest.php" tests="2" assertions="3" errors="0" failures="0" skipped="0" time="0.054820">
        <testcase name="test_command_without_options_or_arguments" file="/app/tests/Feature/Console/Commands/RequestMakeCommand/CommandTest.php" line="19" class="Tests\Feature\Playground\Make\Controller\Console\Commands\RequestMakeCommand\CommandTest" classname="Tests.Feature.Playground.Make.Controller.Console.Commands.RequestMakeCommand.CommandTest" assertions="2" time="0.025802"/>
        <testcase name="test_command_skeleton" file="/app/tests/Feature/Console/Commands/RequestMakeCommand/CommandTest.php" line="29" class="Tests\Feature\Playground\Make\Controller\Console\Commands\RequestMakeCommand\CommandTest" classname="Tests.Feature.Playground.Make.Controller.Console.Commands.RequestMakeCommand.CommandTest" assertions="1" time="0.029018"/>
      </testsuite>
      <testsuite name="Tests\Feature\Playground\Make\Controller\Console\Commands\RequestMakeCommand\CrudTest" file="/app/tests/Feature/Console/Commands/RequestMakeCommand/CrudTest.php" tests="12" assertions="12" errors="0" failures="0" skipped="0" time="0.353603">
        <testcase name="test_command_make_destroy_request_with_force_and_without_skeleton" file="/app/tests/Feature/Console/Commands/RequestMakeCommand/CrudTest.php" line="19" class="Tests\Feature\Playground\Make\Controller\Console\Commands\RequestMakeCommand\CrudTest" classname="Tests.Feature.Playground.Make.Controller.Console.Commands.RequestMakeCommand.CrudTest" assertions="1" time="0.027667"/>
        <testcase name="test_command_make_destroy_request_with_force_and_with_skeleton" file="/app/tests/Feature/Console/Commands/RequestMakeCommand/CrudTest.php" line="30" class="Tests\Feature\Playground\Make\Controller\Console\Commands\RequestMakeCommand\CrudTest" classname="Tests.Feature.Playground.Make.Controller.Console.Commands.RequestMakeCommand.CrudTest" assertions="1" time="0.028050"/>
        <testcase name="test_command_make_index_request_with_force_and_without_skeleton" file="/app/tests/Feature/Console/Commands/RequestMakeCommand/CrudTest.php" line="41" class="Tests\Feature\Playground\Make\Controller\Console\Commands\RequestMakeCommand\CrudTest" classname="Tests.Feature.Playground.Make.Controller.Console.Commands.RequestMakeCommand.CrudTest" assertions="1" time="0.032046"/>
        <testcase name="test_command_make_index_request_with_force_and_with_skeleton" file="/app/tests/Feature/Console/Commands/RequestMakeCommand/CrudTest.php" line="52" class="Tests\Feature\Playground\Make\Controller\Console\Commands\RequestMakeCommand\CrudTest" classname="Tests.Feature.Playground.Make.Controller.Console.Commands.RequestMakeCommand.CrudTest" assertions="1" time="0.028800"/>
        <testcase name="test_command_make_store_request_with_force_and_without_skeleton" file="/app/tests/Feature/Console/Commands/RequestMakeCommand/CrudTest.php" line="63" class="Tests\Feature\Playground\Make\Controller\Console\Commands\RequestMakeCommand\CrudTest" classname="Tests.Feature.Playground.Make.Controller.Console.Commands.RequestMakeCommand.CrudTest" assertions="1" time="0.028649"/>
        <testcase name="test_command_make_store_request_with_force_and_with_skeleton" file="/app/tests/Feature/Console/Commands/RequestMakeCommand/CrudTest.php" line="74" class="Tests\Feature\Playground\Make\Controller\Console\Commands\RequestMakeCommand\CrudTest" classname="Tests.Feature.Playground.Make.Controller.Console.Commands.RequestMakeCommand.CrudTest" assertions="1" time="0.029007"/>
        <testcase name="test_command_make_update_request_with_force_and_without_skeleton" file="/app/tests/Feature/Console/Commands/RequestMakeCommand/CrudTest.php" line="85" class="Tests\Feature\Playground\Make\Controller\Console\Commands\RequestMakeCommand\CrudTest" classname="Tests.Feature.Playground.Make.Controller.Console.Commands.RequestMakeCommand.CrudTest" assertions="1" time="0.030559"/>
        <testcase name="test_command_make_update_request_with_force_and_with_skeleton" file="/app/tests/Feature/Console/Commands/RequestMakeCommand/CrudTest.php" line="96" class="Tests\Feature\Playground\Make\Controller\Console\Commands\RequestMakeCommand\CrudTest" classname="Tests.Feature.Playground.Make.Controller.Console.Commands.RequestMakeCommand.CrudTest" assertions="1" time="0.029218"/>
        <testcase name="test_command_make_other_request_with_force_and_without_skeleton" file="/app/tests/Feature/Console/Commands/RequestMakeCommand/CrudTest.php" line="107" class="Tests\Feature\Playground\Make\Controller\Console\Commands\RequestMakeCommand\CrudTest" classname="Tests.Feature.Playground.Make.Controller.Console.Commands.RequestMakeCommand.CrudTest" assertions="1" time="0.029299"/>
        <testcase name="test_command_make_other_request_with_force_and_with_skeleton" file="/app/tests/Feature/Console/Commands/RequestMakeCommand/CrudTest.php" line="118" class="Tests\Feature\Playground\Make\Controller\Console\Commands\RequestMakeCommand\CrudTest" classname="Tests.Feature.Playground.Make.Controller.Console.Commands.RequestMakeCommand.CrudTest" assertions="1" time="0.029823"/>
        <testcase name="test_command_make_default_request_with_force_and_without_skeleton" file="/app/tests/Feature/Console/Commands/RequestMakeCommand/CrudTest.php" line="129" class="Tests\Feature\Playground\Make\Controller\Console\Commands\RequestMakeCommand\CrudTest" classname="Tests.Feature.Playground.Make.Controller.Console.Commands.RequestMakeCommand.CrudTest" assertions="1" time="0.030350"/>
        <testcase name="test_command_make_default_request_with_force_and_with_skeleton" file="/app/tests/Feature/Console/Commands/RequestMakeCommand/CrudTest.php" line="140" class="Tests\Feature\Playground\Make\Controller\Console\Commands\RequestMakeCommand\CrudTest" classname="Tests.Feature.Playground.Make.Controller.Console.Commands.RequestMakeCommand.CrudTest" assertions="1" time="0.030135"/>
      </testsuite>
      <testsuite name="Tests\Feature\Playground\Make\Controller\Console\Commands\RequestMakeCommand\FileTest" file="/app/tests/Feature/Console/Commands/RequestMakeCommand/FileTest.php" tests="2" assertions="6" errors="0" failures="0" skipped="0" time="0.059030">
        <testcase name="test_command_make_request_with_force_and_without_skeleton" file="/app/tests/Feature/Console/Commands/RequestMakeCommand/FileTest.php" line="20" class="Tests\Feature\Playground\Make\Controller\Console\Commands\RequestMakeCommand\FileTest" classname="Tests.Feature.Playground.Make.Controller.Console.Commands.RequestMakeCommand.FileTest" assertions="3" time="0.029604"/>
        <testcase name="test_command_make_request_with_force_and_with_skeleton" file="/app/tests/Feature/Console/Commands/RequestMakeCommand/FileTest.php" line="39" class="Tests\Feature\Playground\Make\Controller\Console\Commands\RequestMakeCommand\FileTest" classname="Tests.Feature.Playground.Make.Controller.Console.Commands.RequestMakeCommand.FileTest" assertions="3" time="0.029426"/>
      </testsuite>
      <testsuite name="Tests\Feature\Playground\Make\Controller\Console\Commands\RequestMakeCommand\IndexTest" file="/app/tests/Feature/Console/Commands/RequestMakeCommand/IndexTest.php" tests="3" assertions="3" errors="0" failures="0" skipped="0" time="0.090443">
        <testcase name="test_command_make_FormRequest" file="/app/tests/Feature/Console/Commands/RequestMakeCommand/IndexTest.php" line="19" class="Tests\Feature\Playground\Make\Controller\Console\Commands\RequestMakeCommand\IndexTest" classname="Tests.Feature.Playground.Make.Controller.Console.Commands.RequestMakeCommand.IndexTest" assertions="1" time="0.028708"/>
        <testcase name="test_command_make_AbstractIndexRequest" file="/app/tests/Feature/Console/Commands/RequestMakeCommand/IndexTest.php" line="30" class="Tests\Feature\Playground\Make\Controller\Console\Commands\RequestMakeCommand\IndexTest" classname="Tests.Feature.Playground.Make.Controller.Console.Commands.RequestMakeCommand.IndexTest" assertions="1" time="0.032483"/>
        <testcase name="test_command_make_AbstractStoreRequest" file="/app/tests/Feature/Console/Commands/RequestMakeCommand/IndexTest.php" line="41" class="Tests\Feature\Playground\Make\Controller\Console\Commands\RequestMakeCommand\IndexTest" classname="Tests.Feature.Playground.Make.Controller.Console.Commands.RequestMakeCommand.IndexTest" assertions="1" time="0.029252"/>
      </testsuite>
      <testsuite name="Tests\Feature\Playground\Make\Controller\Console\Commands\RequestMakeCommand\ModelTest" file="/app/tests/Feature/Console/Commands/RequestMakeCommand/ModelTest.php" tests="4" assertions="4" errors="0" failures="0" skipped="0" time="0.145287">
        <testcase name="test_command_make_CreateRequest_with_force_and_without_skeleton" file="/app/tests/Feature/Console/Commands/RequestMakeCommand/ModelTest.php" line="19" class="Tests\Feature\Playground\Make\Controller\Console\Commands\RequestMakeCommand\ModelTest" classname="Tests.Feature.Playground.Make.Controller.Console.Commands.RequestMakeCommand.ModelTest" assertions="1" time="0.042649"/>
        <testcase name="test_command_make_IndexRequest_with_force_and_with_skeleton" file="/app/tests/Feature/Console/Commands/RequestMakeCommand/ModelTest.php" line="30" class="Tests\Feature\Playground\Make\Controller\Console\Commands\RequestMakeCommand\ModelTest" classname="Tests.Feature.Playground.Make.Controller.Console.Commands.RequestMakeCommand.ModelTest" assertions="1" time="0.042332"/>
        <testcase name="test_command_make_IndexRequest_with_force_and_with_skeleton_without_model_file" file="/app/tests/Feature/Console/Commands/RequestMakeCommand/ModelTest.php" line="41" class="Tests\Feature\Playground\Make\Controller\Console\Commands\RequestMakeCommand\ModelTest" classname="Tests.Feature.Playground.Make.Controller.Console.Commands.RequestMakeCommand.ModelTest" assertions="1" time="0.029285"/>
        <testcase name="test_command_make_IndexRequest_under_Subfolder_with_force_and_with_skeleton_without_model_file" file="/app/tests/Feature/Console/Commands/RequestMakeCommand/ModelTest.php" line="52" class="Tests\Feature\Playground\Make\Controller\Console\Commands\RequestMakeCommand\ModelTest" classname="Tests.Feature.Playground.Make.Controller.Console.Commands.RequestMakeCommand.ModelTest" assertions="1" time="0.031020"/>
      </testsuite>
      <testsuite name="Tests\Feature\Playground\Make\Controller\Console\Commands\ResourceMakeCommand\AbstractTest" file="/app/tests/Feature/Console/Commands/ResourceMakeCommand/AbstractTest.php" tests="4" assertions="4" errors="0" failures="0" skipped="0" time="0.109318">
        <testcase name="test_command_make_abstract_resource_with_force_and_without_skeleton" file="/app/tests/Feature/Console/Commands/ResourceMakeCommand/AbstractTest.php" line="19" class="Tests\Feature\Playground\Make\Controller\Console\Commands\ResourceMakeCommand\AbstractTest" classname="Tests.Feature.Playground.Make.Controller.Console.Commands.ResourceMakeCommand.AbstractTest" assertions="1" time="0.027078"/>
        <testcase name="test_command_make_abstract_resource_with_force_and_with_skeleton" file="/app/tests/Feature/Console/Commands/ResourceMakeCommand/AbstractTest.php" line="30" class="Tests\Feature\Playground\Make\Controller\Console\Commands\ResourceMakeCommand\AbstractTest" classname="Tests.Feature.Playground.Make.Controller.Console.Commands.ResourceMakeCommand.AbstractTest" assertions="1" time="0.027371"/>
        <testcase name="test_command_make_abstract_keys_resource_with_force_and_without_skeleton" file="/app/tests/Feature/Console/Commands/ResourceMakeCommand/AbstractTest.php" line="41" class="Tests\Feature\Playground\Make\Controller\Console\Commands\ResourceMakeCommand\AbstractTest" classname="Tests.Feature.Playground.Make.Controller.Console.Commands.ResourceMakeCommand.AbstractTest" assertions="1" time="0.027164"/>
        <testcase name="test_command_make_abstract_keys_resource_with_force_and_with_skeleton" file="/app/tests/Feature/Console/Commands/ResourceMakeCommand/AbstractTest.php" line="52" class="Tests\Feature\Playground\Make\Controller\Console\Commands\ResourceMakeCommand\AbstractTest" classname="Tests.Feature.Playground.Make.Controller.Console.Commands.ResourceMakeCommand.AbstractTest" assertions="1" time="0.027706"/>
      </testsuite>
      <testsuite name="Tests\Feature\Playground\Make\Controller\Console\Commands\ResourceMakeCommand\CollectionTest" file="/app/tests/Feature/Console/Commands/ResourceMakeCommand/CollectionTest.php" tests="5" assertions="5" errors="0" failures="0" skipped="0" time="0.139332">
        <testcase name="test_command_make_resource_with_force_and_without_skeleton" file="/app/tests/Feature/Console/Commands/ResourceMakeCommand/CollectionTest.php" line="19" class="Tests\Feature\Playground\Make\Controller\Console\Commands\ResourceMakeCommand\CollectionTest" classname="Tests.Feature.Playground.Make.Controller.Console.Commands.ResourceMakeCommand.CollectionTest" assertions="1" time="0.027484"/>
        <testcase name="test_command_make_collection_resource_with_force_and_with_skeleton" file="/app/tests/Feature/Console/Commands/ResourceMakeCommand/CollectionTest.php" line="30" class="Tests\Feature\Playground\Make\Controller\Console\Commands\ResourceMakeCommand\CollectionTest" classname="Tests.Feature.Playground.Make.Controller.Console.Commands.ResourceMakeCommand.CollectionTest" assertions="1" time="0.027279"/>
        <testcase name="test_command_make_named_collection_resource_with_force_and_with_skeleton" file="/app/tests/Feature/Console/Commands/ResourceMakeCommand/CollectionTest.php" line="41" class="Tests\Feature\Playground\Make\Controller\Console\Commands\ResourceMakeCommand\CollectionTest" classname="Tests.Feature.Playground.Make.Controller.Console.Commands.ResourceMakeCommand.CollectionTest" assertions="1" time="0.027438"/>
        <testcase name="test_command_make_named_collection_resource_with_option_with_force_and_with_skeleton" file="/app/tests/Feature/Console/Commands/ResourceMakeCommand/CollectionTest.php" line="52" class="Tests\Feature\Playground\Make\Controller\Console\Commands\ResourceMakeCommand\CollectionTest" classname="Tests.Feature.Playground.Make.Controller.Console.Commands.ResourceMakeCommand.CollectionTest" assertions="1" time="0.027780"/>
        <testcase name="test_command_make_collection_resource_with_option_with_force_and_with_skeleton" file="/app/tests/Feature/Console/Commands/ResourceMakeCommand/CollectionTest.php" line="63" class="Tests\Feature\Playground\Make\Controller\Console\Commands\ResourceMakeCommand\CollectionTest" classname="Tests.Feature.Playground.Make.Controller.Console.Commands.ResourceMakeCommand.CollectionTest" assertions="1" time="0.029349"/>
      </testsuite>
      <testsuite name="Tests\Feature\Playground\Make\Controller\Console\Commands\ResourceMakeCommand\CommandTest" file="/app/tests/Feature/Console/Commands/ResourceMakeCommand/CommandTest.php" tests="2" assertions="3" errors="0" failures="0" skipped="0" time="0.053349">
        <testcase name="test_command_without_options_or_arguments" file="/app/tests/Feature/Console/Commands/ResourceMakeCommand/CommandTest.php" line="19" class="Tests\Feature\Playground\Make\Controller\Console\Commands\ResourceMakeCommand\CommandTest" classname="Tests.Feature.Playground.Make.Controller.Console.Commands.ResourceMakeCommand.CommandTest" assertions="2" time="0.025738"/>
        <testcase name="test_command_skeleton" file="/app/tests/Feature/Console/Commands/ResourceMakeCommand/CommandTest.php" line="29" class="Tests\Feature\Playground\Make\Controller\Console\Commands\ResourceMakeCommand\CommandTest" classname="Tests.Feature.Playground.Make.Controller.Console.Commands.ResourceMakeCommand.CommandTest" assertions="1" time="0.027612"/>
      </testsuite>
      <testsuite name="Tests\Feature\Playground\Make\Controller\Console\Commands\ResourceMakeCommand\KeysTest" file="/app/tests/Feature/Console/Commands/ResourceMakeCommand/KeysTest.php" tests="2" assertions="2" errors="0" failures="0" skipped="0" time="0.054508">
        <testcase name="test_command_make_keys_resource_with_force_and_without_skeleton" file="/app/tests/Feature/Console/Commands/ResourceMakeCommand/KeysTest.php" line="19" class="Tests\Feature\Playground\Make\Controller\Console\Commands\ResourceMakeCommand\KeysTest" classname="Tests.Feature.Playground.Make.Controller.Console.Commands.ResourceMakeCommand.KeysTest" assertions="1" time="0.027389"/>
        <testcase name="test_command_make_keys_resource_with_force_and_with_skeleton" file="/app/tests/Feature/Console/Commands/ResourceMakeCommand/KeysTest.php" line="30" class="Tests\Feature\Playground\Make\Controller\Console\Commands\ResourceMakeCommand\KeysTest" classname="Tests.Feature.Playground.Make.Controller.Console.Commands.ResourceMakeCommand.KeysTest" assertions="1" time="0.027119"/>
      </testsuite>
      <testsuite name="Tests\Feature\Playground\Make\Controller\Console\Commands\ResourceMakeCommand\StubTest" file="/app/tests/Feature/Console/Commands/ResourceMakeCommand/StubTest.php" tests="2" assertions="4" errors="0" failures="0" skipped="0" time="0.054908">
        <testcase name="test_command_with_invalid_stubs_path_in_the_config" file="/app/tests/Feature/Console/Commands/ResourceMakeCommand/StubTest.php" line="21" class="Tests\Feature\Playground\Make\Controller\Console\Commands\ResourceMakeCommand\StubTest" classname="Tests.Feature.Playground.Make.Controller.Console.Commands.ResourceMakeCommand.StubTest" assertions="2" time="0.028506"/>
        <testcase name="test_command_with_invalid_path_to_stub_in_the_config" file="/app/tests/Feature/Console/Commands/ResourceMakeCommand/StubTest.php" line="43" class="Tests\Feature\Playground\Make\Controller\Console\Commands\ResourceMakeCommand\StubTest" classname="Tests.Feature.Playground.Make.Controller.Console.Commands.ResourceMakeCommand.StubTest" assertions="2" time="0.026402"/>
      </testsuite>
      <testsuite name="Tests\Feature\Playground\Make\Controller\Console\Commands\RouteMakeCommand\ApiTest" file="/app/tests/Feature/Console/Commands/RouteMakeCommand/ApiTest.php" tests="3" assertions="4" errors="0" failures="0" skipped="0" time="0.092276">
        <testcase name="test_command_make_playground_api_route_with_force_and_without_skeleton" file="/app/tests/Feature/Console/Commands/RouteMakeCommand/ApiTest.php" line="19" class="Tests\Feature\Playground\Make\Controller\Console\Commands\RouteMakeCommand\ApiTest" classname="Tests.Feature.Playground.Make.Controller.Console.Commands.RouteMakeCommand.ApiTest" assertions="1" time="0.033852"/>
        <testcase name="test_command_make_api_route_with_force_and_with_skeleton" file="/app/tests/Feature/Console/Commands/RouteMakeCommand/ApiTest.php" line="33" class="Tests\Feature\Playground\Make\Controller\Console\Commands\RouteMakeCommand\ApiTest" classname="Tests.Feature.Playground.Make.Controller.Console.Commands.RouteMakeCommand.ApiTest" assertions="1" time="0.033567"/>
        <testcase name="test_command_make_api_route_without_model_file" file="/app/tests/Feature/Console/Commands/RouteMakeCommand/ApiTest.php" line="47" class="Tests\Feature\Playground\Make\Controller\Console\Commands\RouteMakeCommand\ApiTest" classname="Tests.Feature.Playground.Make.Controller.Console.Commands.RouteMakeCommand.ApiTest" assertions="2" time="0.024857"/>
      </testsuite>
      <testsuite name="Tests\Feature\Playground\Make\Controller\Console\Commands\RouteMakeCommand\CommandTest" file="/app/tests/Feature/Console/Commands/RouteMakeCommand/CommandTest.php" tests="3" assertions="4" errors="0" failures="0" skipped="0" time="0.084054">
        <testcase name="test_command_without_options_or_arguments" file="/app/tests/Feature/Console/Commands/RouteMakeCommand/CommandTest.php" line="19" class="Tests\Feature\Playground\Make\Controller\Console\Commands\RouteMakeCommand\CommandTest" classname="Tests.Feature.Playground.Make.Controller.Console.Commands.RouteMakeCommand.CommandTest" assertions="2" time="0.028901"/>
        <testcase name="test_command_skeleton" file="/app/tests/Feature/Console/Commands/RouteMakeCommand/CommandTest.php" line="29" class="Tests\Feature\Playground\Make\Controller\Console\Commands\RouteMakeCommand\CommandTest" classname="Tests.Feature.Playground.Make.Controller.Console.Commands.RouteMakeCommand.CommandTest" assertions="1" time="0.027402"/>
        <testcase name="test_command_with_options" file="/app/tests/Feature/Console/Commands/RouteMakeCommand/CommandTest.php" line="38" class="Tests\Feature\Playground\Make\Controller\Console\Commands\RouteMakeCommand\CommandTest" classname="Tests.Feature.Playground.Make.Controller.Console.Commands.RouteMakeCommand.CommandTest" assertions="1" time="0.027750"/>
      </testsuite>
      <testsuite name="Tests\Feature\Playground\Make\Controller\Console\Commands\RouteMakeCommand\FileTest" file="/app/tests/Feature/Console/Commands/RouteMakeCommand/FileTest.php" tests="2" assertions="2" errors="0" failures="0" skipped="0" time="0.059033">
        <testcase name="test_command_make_route_with_force_and_without_skeleton" file="/app/tests/Feature/Console/Commands/RouteMakeCommand/FileTest.php" line="19" class="Tests\Feature\Playground\Make\Controller\Console\Commands\RouteMakeCommand\FileTest" classname="Tests.Feature.Playground.Make.Controller.Console.Commands.RouteMakeCommand.FileTest" assertions="1" time="0.029615"/>
        <testcase name="test_command_make_route_with_force_and_with_skeleton" file="/app/tests/Feature/Console/Commands/RouteMakeCommand/FileTest.php" line="33" class="Tests\Feature\Playground\Make\Controller\Console\Commands\RouteMakeCommand\FileTest" classname="Tests.Feature.Playground.Make.Controller.Console.Commands.RouteMakeCommand.FileTest" assertions="1" time="0.029418"/>
      </testsuite>
      <testsuite name="Tests\Feature\Playground\Make\Controller\Console\Commands\RouteMakeCommand\ResourceTest" file="/app/tests/Feature/Console/Commands/RouteMakeCommand/ResourceTest.php" tests="6" assertions="7" errors="0" failures="0" skipped="0" time="0.192427">
        <testcase name="test_command_make_playground_resource_route_with_force_and_without_skeleton" file="/app/tests/Feature/Console/Commands/RouteMakeCommand/ResourceTest.php" line="19" class="Tests\Feature\Playground\Make\Controller\Console\Commands\RouteMakeCommand\ResourceTest" classname="Tests.Feature.Playground.Make.Controller.Console.Commands.RouteMakeCommand.ResourceTest" assertions="1" time="0.033453"/>
        <testcase name="test_command_make_resource_route_with_force_and_with_skeleton" file="/app/tests/Feature/Console/Commands/RouteMakeCommand/ResourceTest.php" line="33" class="Tests\Feature\Playground\Make\Controller\Console\Commands\RouteMakeCommand\ResourceTest" classname="Tests.Feature.Playground.Make.Controller.Console.Commands.RouteMakeCommand.ResourceTest" assertions="1" time="0.033223"/>
        <testcase name="test_command_make_resource_route_without_model_file" file="/app/tests/Feature/Console/Commands/RouteMakeCommand/ResourceTest.php" line="47" class="Tests\Feature\Playground\Make\Controller\Console\Commands\RouteMakeCommand\ResourceTest" classname="Tests.Feature.Playground.Make.Controller.Console.Commands.RouteMakeCommand.ResourceTest" assertions="2" time="0.024865"/>
        <testcase name="test_command_make_playground_resource_index_route_with_force_and_without_skeleton" file="/app/tests/Feature/Console/Commands/RouteMakeCommand/ResourceTest.php" line="57" class="Tests\Feature\Playground\Make\Controller\Console\Commands\RouteMakeCommand\ResourceTest" classname="Tests.Feature.Playground.Make.Controller.Console.Commands.RouteMakeCommand.ResourceTest" assertions="1" time="0.033536"/>
        <testcase name="test_command_make_resource_index_route_with_force_and_with_skeleton" file="/app/tests/Feature/Console/Commands/RouteMakeCommand/ResourceTest.php" line="71" class="Tests\Feature\Playground\Make\Controller\Console\Commands\RouteMakeCommand\ResourceTest" classname="Tests.Feature.Playground.Make.Controller.Console.Commands.RouteMakeCommand.ResourceTest" assertions="1" time="0.038708"/>
        <testcase name="test_command_make_resource_index_route_without_model_file" file="/app/tests/Feature/Console/Commands/RouteMakeCommand/ResourceTest.php" line="85" class="Tests\Feature\Playground\Make\Controller\Console\Commands\RouteMakeCommand\ResourceTest" classname="Tests.Feature.Playground.Make.Controller.Console.Commands.RouteMakeCommand.ResourceTest" assertions="1" time="0.028642"/>
      </testsuite>
    </testsuite>
  </testsuite>
</testsuites>
