<?xml version="1.0" encoding="UTF-8"?>
<testsuites>
  <testsuite name="/app/phpunit.xml.dist" tests="97" assertions="222" errors="0" failures="0" skipped="0" time="3.830752">
    <testsuite name="Unit" tests="22" assertions="132" errors="0" failures="0" skipped="0" time="0.756326">
      <testsuite name="Tests\Unit\Playground\Make\Controller\Configuration\Controller\InstanceTest" file="/app/tests/Unit/Configuration/Controller/InstanceTest.php" tests="5" assertions="32" errors="0" failures="0" skipped="0" time="0.338343">
        <testcase name="test_instance" file="/app/tests/Unit/Configuration/Controller/InstanceTest.php" line="19" class="Tests\Unit\Playground\Make\Controller\Configuration\Controller\InstanceTest" classname="Tests.Unit.Playground.Make.Controller.Configuration.Controller.InstanceTest" assertions="1" time="0.245315"/>
        <testcase name="test_instance_apply_without_options" file="/app/tests/Unit/Configuration/Controller/InstanceTest.php" line="66" class="Tests\Unit\Playground\Make\Controller\Configuration\Controller\InstanceTest" classname="Tests.Unit.Playground.Make.Controller.Configuration.Controller.InstanceTest" assertions="4" time="0.023992"/>
        <testcase name="test_folder_is_empty_by_default" file="/app/tests/Unit/Configuration/Controller/InstanceTest.php" line="83" class="Tests\Unit\Playground\Make\Controller\Configuration\Controller\InstanceTest" classname="Tests.Unit.Playground.Make.Controller.Configuration.Controller.InstanceTest" assertions="3" time="0.022060"/>
        <testcase name="test_resource_controller_with_file_and_skeleton" file="/app/tests/Unit/Configuration/Controller/InstanceTest.php" line="93" class="Tests\Unit\Playground\Make\Controller\Configuration\Controller\InstanceTest" classname="Tests.Unit.Playground.Make.Controller.Configuration.Controller.InstanceTest" assertions="12" time="0.022444"/>
        <testcase name="test_api_controller_with_file_and_skeleton" file="/app/tests/Unit/Configuration/Controller/InstanceTest.php" line="145" class="Tests\Unit\Playground\Make\Controller\Configuration\Controller\InstanceTest" classname="Tests.Unit.Playground.Make.Controller.Configuration.Controller.InstanceTest" assertions="12" time="0.024532"/>
      </testsuite>
      <testsuite name="Tests\Unit\Playground\Make\Controller\Configuration\Policy\InstanceTest" file="/app/tests/Unit/Configuration/Policy/InstanceTest.php" tests="4" assertions="23" errors="0" failures="0" skipped="0" time="0.098050">
        <testcase name="test_instance" file="/app/tests/Unit/Configuration/Policy/InstanceTest.php" line="19" class="Tests\Unit\Playground\Make\Controller\Configuration\Policy\InstanceTest" classname="Tests.Unit.Playground.Make.Controller.Configuration.Policy.InstanceTest" assertions="1" time="0.031302"/>
        <testcase name="test_instance_apply_without_options" file="/app/tests/Unit/Configuration/Policy/InstanceTest.php" line="48" class="Tests\Unit\Playground\Make\Controller\Configuration\Policy\InstanceTest" classname="Tests.Unit.Playground.Make.Controller.Configuration.Policy.InstanceTest" assertions="4" time="0.022181"/>
        <testcase name="test_folder_is_empty_by_default" file="/app/tests/Unit/Configuration/Policy/InstanceTest.php" line="65" class="Tests\Unit\Playground\Make\Controller\Configuration\Policy\InstanceTest" classname="Tests.Unit.Playground.Make.Controller.Configuration.Policy.InstanceTest" assertions="3" time="0.022036"/>
        <testcase name="test_test_with_file_and_skeleton" file="/app/tests/Unit/Configuration/Policy/InstanceTest.php" line="75" class="Tests\Unit\Playground\Make\Controller\Configuration\Policy\InstanceTest" classname="Tests.Unit.Playground.Make.Controller.Configuration.Policy.InstanceTest" assertions="15" time="0.022531"/>
      </testsuite>
      <testsuite name="Tests\Unit\Playground\Make\Controller\Configuration\Request\InstanceTest" file="/app/tests/Unit/Configuration/Request/InstanceTest.php" tests="4" assertions="19" errors="0" failures="0" skipped="0" time="0.098597">
        <testcase name="test_instance" file="/app/tests/Unit/Configuration/Request/InstanceTest.php" line="19" class="Tests\Unit\Playground\Make\Controller\Configuration\Request\InstanceTest" classname="Tests.Unit.Playground.Make.Controller.Configuration.Request.InstanceTest" assertions="1" time="0.032693"/>
        <testcase name="test_instance_apply_without_options" file="/app/tests/Unit/Configuration/Request/InstanceTest.php" line="53" class="Tests\Unit\Playground\Make\Controller\Configuration\Request\InstanceTest" classname="Tests.Unit.Playground.Make.Controller.Configuration.Request.InstanceTest" assertions="4" time="0.021724"/>
        <testcase name="test_folder_is_empty_by_default" file="/app/tests/Unit/Configuration/Request/InstanceTest.php" line="70" class="Tests\Unit\Playground\Make\Controller\Configuration\Request\InstanceTest" classname="Tests.Unit.Playground.Make.Controller.Configuration.Request.InstanceTest" assertions="3" time="0.021885"/>
        <testcase name="test_test_with_file_and_skeleton" file="/app/tests/Unit/Configuration/Request/InstanceTest.php" line="80" class="Tests\Unit\Playground\Make\Controller\Configuration\Request\InstanceTest" classname="Tests.Unit.Playground.Make.Controller.Configuration.Request.InstanceTest" assertions="11" time="0.022294"/>
      </testsuite>
      <testsuite name="Tests\Unit\Playground\Make\Controller\Configuration\Resource\InstanceTest" file="/app/tests/Unit/Configuration/Resource/InstanceTest.php" tests="5" assertions="28" errors="0" failures="0" skipped="0" time="0.116096">
        <testcase name="test_instance" file="/app/tests/Unit/Configuration/Resource/InstanceTest.php" line="19" class="Tests\Unit\Playground\Make\Controller\Configuration\Resource\InstanceTest" classname="Tests.Unit.Playground.Make.Controller.Configuration.Resource.InstanceTest" assertions="1" time="0.027685"/>
        <testcase name="test_instance_apply_without_options" file="/app/tests/Unit/Configuration/Resource/InstanceTest.php" line="48" class="Tests\Unit\Playground\Make\Controller\Configuration\Resource\InstanceTest" classname="Tests.Unit.Playground.Make.Controller.Configuration.Resource.InstanceTest" assertions="4" time="0.021626"/>
        <testcase name="test_folder_is_empty_by_default" file="/app/tests/Unit/Configuration/Resource/InstanceTest.php" line="65" class="Tests\Unit\Playground\Make\Controller\Configuration\Resource\InstanceTest" classname="Tests.Unit.Playground.Make.Controller.Configuration.Resource.InstanceTest" assertions="3" time="0.022096"/>
        <testcase name="test_with_file_and_skeleton" file="/app/tests/Unit/Configuration/Resource/InstanceTest.php" line="75" class="Tests\Unit\Playground\Make\Controller\Configuration\Resource\InstanceTest" classname="Tests.Unit.Playground.Make.Controller.Configuration.Resource.InstanceTest" assertions="10" time="0.022243"/>
        <testcase name="test_with_file_and_skeleton_as_collection" file="/app/tests/Unit/Configuration/Resource/InstanceTest.php" line="108" class="Tests\Unit\Playground\Make\Controller\Configuration\Resource\InstanceTest" classname="Tests.Unit.Playground.Make.Controller.Configuration.Resource.InstanceTest" assertions="10" time="0.022445"/>
      </testsuite>
      <testsuite name="Tests\Unit\Playground\Make\Controller\Configuration\Route\InstanceTest" file="/app/tests/Unit/Configuration/Route/InstanceTest.php" tests="4" assertions="30" errors="0" failures="0" skipped="0" time="0.105242">
        <testcase name="test_instance" file="/app/tests/Unit/Configuration/Route/InstanceTest.php" line="19" class="Tests\Unit\Playground\Make\Controller\Configuration\Route\InstanceTest" classname="Tests.Unit.Playground.Make.Controller.Configuration.Route.InstanceTest" assertions="1" time="0.038501"/>
        <testcase name="test_instance_apply_without_options" file="/app/tests/Unit/Configuration/Route/InstanceTest.php" line="56" class="Tests\Unit\Playground\Make\Controller\Configuration\Route\InstanceTest" classname="Tests.Unit.Playground.Make.Controller.Configuration.Route.InstanceTest" assertions="4" time="0.021935"/>
        <testcase name="test_folder_is_empty_by_default" file="/app/tests/Unit/Configuration/Route/InstanceTest.php" line="73" class="Tests\Unit\Playground\Make\Controller\Configuration\Route\InstanceTest" classname="Tests.Unit.Playground.Make.Controller.Configuration.Route.InstanceTest" assertions="3" time="0.022067"/>
        <testcase name="test_with_file_and_skeleton" file="/app/tests/Unit/Configuration/Route/InstanceTest.php" line="83" class="Tests\Unit\Playground\Make\Controller\Configuration\Route\InstanceTest" classname="Tests.Unit.Playground.Make.Controller.Configuration.Route.InstanceTest" assertions="22" time="0.022738"/>
      </testsuite>
    </testsuite>
    <testsuite name="Feature" tests="75" assertions="90" errors="0" failures="0" skipped="0" time="3.074425">
      <testsuite name="Tests\Feature\Playground\Make\Controller\Console\Commands\About\CommandTest" file="/app/tests/Feature/Console/Commands/About/CommandTest.php" tests="1" assertions="2" errors="0" failures="0" skipped="0" time="0.631588">
        <testcase name="test_command_about_displays_package_information_and_succeed_with_code_0" file="/app/tests/Feature/Console/Commands/About/CommandTest.php" line="27" class="Tests\Feature\Playground\Make\Controller\Console\Commands\About\CommandTest" classname="Tests.Feature.Playground.Make.Controller.Console.Commands.About.CommandTest" assertions="2" time="0.631588"/>
      </testsuite>
      <testsuite name="Tests\Feature\Playground\Make\Controller\Console\Commands\ControllerMakeCommand\CommandTest" file="/app/tests/Feature/Console/Commands/ControllerMakeCommand/CommandTest.php" tests="2" assertions="3" errors="0" failures="0" skipped="0" time="0.086697">
        <testcase name="test_command_without_options_or_arguments" file="/app/tests/Feature/Console/Commands/ControllerMakeCommand/CommandTest.php" line="20" class="Tests\Feature\Playground\Make\Controller\Console\Commands\ControllerMakeCommand\CommandTest" classname="Tests.Feature.Playground.Make.Controller.Console.Commands.ControllerMakeCommand.CommandTest" assertions="2" time="0.053477"/>
        <testcase name="test_command_skeleton" file="/app/tests/Feature/Console/Commands/ControllerMakeCommand/CommandTest.php" line="30" class="Tests\Feature\Playground\Make\Controller\Console\Commands\ControllerMakeCommand\CommandTest" classname="Tests.Feature.Playground.Make.Controller.Console.Commands.ControllerMakeCommand.CommandTest" assertions="1" time="0.033220"/>
      </testsuite>
      <testsuite name="Tests\Feature\Playground\Make\Controller\Console\Commands\ControllerMakeCommand\FileTest" file="/app/tests/Feature/Console/Commands/ControllerMakeCommand/FileTest.php" tests="2" assertions="2" errors="0" failures="0" skipped="0" time="0.281974">
        <testcase name="test_command_make_controller_with_force_and_without_skeleton" file="/app/tests/Feature/Console/Commands/ControllerMakeCommand/FileTest.php" line="20" class="Tests\Feature\Playground\Make\Controller\Console\Commands\ControllerMakeCommand\FileTest" classname="Tests.Feature.Playground.Make.Controller.Console.Commands.ControllerMakeCommand.FileTest" assertions="1" time="0.049307"/>
        <testcase name="test_command_make_controller_with_force_and_with_skeleton" file="/app/tests/Feature/Console/Commands/ControllerMakeCommand/FileTest.php" line="34" class="Tests\Feature\Playground\Make\Controller\Console\Commands\ControllerMakeCommand\FileTest" classname="Tests.Feature.Playground.Make.Controller.Console.Commands.ControllerMakeCommand.FileTest" assertions="1" time="0.232667"/>
      </testsuite>
      <testsuite name="Tests\Feature\Playground\Make\Controller\Console\Commands\PolicyMakeCommand\CommandTest" file="/app/tests/Feature/Console/Commands/PolicyMakeCommand/CommandTest.php" tests="10" assertions="12" errors="0" failures="0" skipped="0" time="0.283183">
        <testcase name="test_command_without_options_or_arguments" file="/app/tests/Feature/Console/Commands/PolicyMakeCommand/CommandTest.php" line="19" class="Tests\Feature\Playground\Make\Controller\Console\Commands\PolicyMakeCommand\CommandTest" classname="Tests.Feature.Playground.Make.Controller.Console.Commands.PolicyMakeCommand.CommandTest" assertions="2" time="0.025869"/>
        <testcase name="test_command_skeleton" file="/app/tests/Feature/Console/Commands/PolicyMakeCommand/CommandTest.php" line="29" class="Tests\Feature\Playground\Make\Controller\Console\Commands\PolicyMakeCommand\CommandTest" classname="Tests.Feature.Playground.Make.Controller.Console.Commands.PolicyMakeCommand.CommandTest" assertions="1" time="0.027753"/>
        <testcase name="test_command_skeleton_with_roles_action" file="/app/tests/Feature/Console/Commands/PolicyMakeCommand/CommandTest.php" line="38" class="Tests\Feature\Playground\Make\Controller\Console\Commands\PolicyMakeCommand\CommandTest" classname="Tests.Feature.Playground.Make.Controller.Console.Commands.PolicyMakeCommand.CommandTest" assertions="1" time="0.028665"/>
        <testcase name="test_command_skeleton_with_roles_view" file="/app/tests/Feature/Console/Commands/PolicyMakeCommand/CommandTest.php" line="47" class="Tests\Feature\Playground\Make\Controller\Console\Commands\PolicyMakeCommand\CommandTest" classname="Tests.Feature.Playground.Make.Controller.Console.Commands.PolicyMakeCommand.CommandTest" assertions="1" time="0.028143"/>
        <testcase name="test_command_skeleton_with_roles_and_action_view" file="/app/tests/Feature/Console/Commands/PolicyMakeCommand/CommandTest.php" line="56" class="Tests\Feature\Playground\Make\Controller\Console\Commands\PolicyMakeCommand\CommandTest" classname="Tests.Feature.Playground.Make.Controller.Console.Commands.PolicyMakeCommand.CommandTest" assertions="1" time="0.028484"/>
        <testcase name="test_command_userProviderModelGuard_with_invalid_guard" file="/app/tests/Feature/Console/Commands/PolicyMakeCommand/CommandTest.php" line="65" class="Tests\Feature\Playground\Make\Controller\Console\Commands\PolicyMakeCommand\CommandTest" classname="Tests.Feature.Playground.Make.Controller.Console.Commands.PolicyMakeCommand.CommandTest" assertions="2" time="0.026232"/>
        <testcase name="test_command_skeleton_with_type_playground_resource" file="/app/tests/Feature/Console/Commands/PolicyMakeCommand/CommandTest.php" line="79" class="Tests\Feature\Playground\Make\Controller\Console\Commands\PolicyMakeCommand\CommandTest" classname="Tests.Feature.Playground.Make.Controller.Console.Commands.PolicyMakeCommand.CommandTest" assertions="1" time="0.030518"/>
        <testcase name="test_command_skeleton_with_type_playground_api" file="/app/tests/Feature/Console/Commands/PolicyMakeCommand/CommandTest.php" line="88" class="Tests\Feature\Playground\Make\Controller\Console\Commands\PolicyMakeCommand\CommandTest" classname="Tests.Feature.Playground.Make.Controller.Console.Commands.PolicyMakeCommand.CommandTest" assertions="1" time="0.028919"/>
        <testcase name="test_command_skeleton_with_type_api" file="/app/tests/Feature/Console/Commands/PolicyMakeCommand/CommandTest.php" line="97" class="Tests\Feature\Playground\Make\Controller\Console\Commands\PolicyMakeCommand\CommandTest" classname="Tests.Feature.Playground.Make.Controller.Console.Commands.PolicyMakeCommand.CommandTest" assertions="1" time="0.029253"/>
        <testcase name="test_command_skeleton_with_type_resource" file="/app/tests/Feature/Console/Commands/PolicyMakeCommand/CommandTest.php" line="106" class="Tests\Feature\Playground\Make\Controller\Console\Commands\PolicyMakeCommand\CommandTest" classname="Tests.Feature.Playground.Make.Controller.Console.Commands.PolicyMakeCommand.CommandTest" assertions="1" time="0.029347"/>
      </testsuite>
      <testsuite name="Tests\Feature\Playground\Make\Controller\Console\Commands\PolicyMakeCommand\FileTest" file="/app/tests/Feature/Console/Commands/PolicyMakeCommand/FileTest.php" tests="2" assertions="2" errors="0" failures="0" skipped="0" time="0.058038">
        <testcase name="test_command_make_policy_with_force_and_without_skeleton" file="/app/tests/Feature/Console/Commands/PolicyMakeCommand/FileTest.php" line="19" class="Tests\Feature\Playground\Make\Controller\Console\Commands\PolicyMakeCommand\FileTest" classname="Tests.Feature.Playground.Make.Controller.Console.Commands.PolicyMakeCommand.FileTest" assertions="1" time="0.029162"/>
        <testcase name="test_command_make_policy_with_force_and_with_skeleton" file="/app/tests/Feature/Console/Commands/PolicyMakeCommand/FileTest.php" line="33" class="Tests\Feature\Playground\Make\Controller\Console\Commands\PolicyMakeCommand\FileTest" classname="Tests.Feature.Playground.Make.Controller.Console.Commands.PolicyMakeCommand.FileTest" assertions="1" time="0.028877"/>
      </testsuite>
      <testsuite name="Tests\Feature\Playground\Make\Controller\Console\Commands\RequestMakeCommand\AbstractTest" file="/app/tests/Feature/Console/Commands/RequestMakeCommand/AbstractTest.php" tests="6" assertions="6" errors="0" failures="0" skipped="0" time="0.170904">
        <testcase name="test_command_make_abstract_request_with_force_and_without_skeleton" file="/app/tests/Feature/Console/Commands/RequestMakeCommand/AbstractTest.php" line="19" class="Tests\Feature\Playground\Make\Controller\Console\Commands\RequestMakeCommand\AbstractTest" classname="Tests.Feature.Playground.Make.Controller.Console.Commands.RequestMakeCommand.AbstractTest" assertions="1" time="0.028023"/>
        <testcase name="test_command_make_abstract_request_with_force_and_with_skeleton" file="/app/tests/Feature/Console/Commands/RequestMakeCommand/AbstractTest.php" line="30" class="Tests\Feature\Playground\Make\Controller\Console\Commands\RequestMakeCommand\AbstractTest" classname="Tests.Feature.Playground.Make.Controller.Console.Commands.RequestMakeCommand.AbstractTest" assertions="1" time="0.027940"/>
        <testcase name="test_command_make_abstract_index_request_with_force_and_without_skeleton" file="/app/tests/Feature/Console/Commands/RequestMakeCommand/AbstractTest.php" line="41" class="Tests\Feature\Playground\Make\Controller\Console\Commands\RequestMakeCommand\AbstractTest" classname="Tests.Feature.Playground.Make.Controller.Console.Commands.RequestMakeCommand.AbstractTest" assertions="1" time="0.028419"/>
        <testcase name="test_command_make_abstract_index_request_with_force_and_with_skeleton" file="/app/tests/Feature/Console/Commands/RequestMakeCommand/AbstractTest.php" line="52" class="Tests\Feature\Playground\Make\Controller\Console\Commands\RequestMakeCommand\AbstractTest" classname="Tests.Feature.Playground.Make.Controller.Console.Commands.RequestMakeCommand.AbstractTest" assertions="1" time="0.029048"/>
        <testcase name="test_command_make_abstract_store_request_with_force_and_without_skeleton" file="/app/tests/Feature/Console/Commands/RequestMakeCommand/AbstractTest.php" line="63" class="Tests\Feature\Playground\Make\Controller\Console\Commands\RequestMakeCommand\AbstractTest" classname="Tests.Feature.Playground.Make.Controller.Console.Commands.RequestMakeCommand.AbstractTest" assertions="1" time="0.028631"/>
        <testcase name="test_command_make_abstract_store_request_with_force_and_with_skeleton" file="/app/tests/Feature/Console/Commands/RequestMakeCommand/AbstractTest.php" line="74" class="Tests\Feature\Playground\Make\Controller\Console\Commands\RequestMakeCommand\AbstractTest" classname="Tests.Feature.Playground.Make.Controller.Console.Commands.RequestMakeCommand.AbstractTest" assertions="1" time="0.028843"/>
      </testsuite>
      <testsuite name="Tests\Feature\Playground\Make\Controller\Console\Commands\RequestMakeCommand\CommandTest" file="/app/tests/Feature/Console/Commands/RequestMakeCommand/CommandTest.php" tests="2" assertions="3" errors="0" failures="0" skipped="0" time="0.054372">
        <testcase name="test_command_without_options_or_arguments" file="/app/tests/Feature/Console/Commands/RequestMakeCommand/CommandTest.php" line="19" class="Tests\Feature\Playground\Make\Controller\Console\Commands\RequestMakeCommand\CommandTest" classname="Tests.Feature.Playground.Make.Controller.Console.Commands.RequestMakeCommand.CommandTest" assertions="2" time="0.026252"/>
        <testcase name="test_command_skeleton" file="/app/tests/Feature/Console/Commands/RequestMakeCommand/CommandTest.php" line="29" class="Tests\Feature\Playground\Make\Controller\Console\Commands\RequestMakeCommand\CommandTest" classname="Tests.Feature.Playground.Make.Controller.Console.Commands.RequestMakeCommand.CommandTest" assertions="1" time="0.028120"/>
      </testsuite>
      <testsuite name="Tests\Feature\Playground\Make\Controller\Console\Commands\RequestMakeCommand\CrudTest" file="/app/tests/Feature/Console/Commands/RequestMakeCommand/CrudTest.php" tests="12" assertions="12" errors="0" failures="0" skipped="0" time="0.358327">
        <testcase name="test_command_make_destroy_request_with_force_and_without_skeleton" file="/app/tests/Feature/Console/Commands/RequestMakeCommand/CrudTest.php" line="19" class="Tests\Feature\Playground\Make\Controller\Console\Commands\RequestMakeCommand\CrudTest" classname="Tests.Feature.Playground.Make.Controller.Console.Commands.RequestMakeCommand.CrudTest" assertions="1" time="0.027797"/>
        <testcase name="test_command_make_destroy_request_with_force_and_with_skeleton" file="/app/tests/Feature/Console/Commands/RequestMakeCommand/CrudTest.php" line="30" class="Tests\Feature\Playground\Make\Controller\Console\Commands\RequestMakeCommand\CrudTest" classname="Tests.Feature.Playground.Make.Controller.Console.Commands.RequestMakeCommand.CrudTest" assertions="1" time="0.029681"/>
        <testcase name="test_command_make_index_request_with_force_and_without_skeleton" file="/app/tests/Feature/Console/Commands/RequestMakeCommand/CrudTest.php" line="41" class="Tests\Feature\Playground\Make\Controller\Console\Commands\RequestMakeCommand\CrudTest" classname="Tests.Feature.Playground.Make.Controller.Console.Commands.RequestMakeCommand.CrudTest" assertions="1" time="0.028492"/>
        <testcase name="test_command_make_index_request_with_force_and_with_skeleton" file="/app/tests/Feature/Console/Commands/RequestMakeCommand/CrudTest.php" line="52" class="Tests\Feature\Playground\Make\Controller\Console\Commands\RequestMakeCommand\CrudTest" classname="Tests.Feature.Playground.Make.Controller.Console.Commands.RequestMakeCommand.CrudTest" assertions="1" time="0.028924"/>
        <testcase name="test_command_make_store_request_with_force_and_without_skeleton" file="/app/tests/Feature/Console/Commands/RequestMakeCommand/CrudTest.php" line="63" class="Tests\Feature\Playground\Make\Controller\Console\Commands\RequestMakeCommand\CrudTest" classname="Tests.Feature.Playground.Make.Controller.Console.Commands.RequestMakeCommand.CrudTest" assertions="1" time="0.032313"/>
        <testcase name="test_command_make_store_request_with_force_and_with_skeleton" file="/app/tests/Feature/Console/Commands/RequestMakeCommand/CrudTest.php" line="74" class="Tests\Feature\Playground\Make\Controller\Console\Commands\RequestMakeCommand\CrudTest" classname="Tests.Feature.Playground.Make.Controller.Console.Commands.RequestMakeCommand.CrudTest" assertions="1" time="0.032067"/>
        <testcase name="test_command_make_update_request_with_force_and_without_skeleton" file="/app/tests/Feature/Console/Commands/RequestMakeCommand/CrudTest.php" line="85" class="Tests\Feature\Playground\Make\Controller\Console\Commands\RequestMakeCommand\CrudTest" classname="Tests.Feature.Playground.Make.Controller.Console.Commands.RequestMakeCommand.CrudTest" assertions="1" time="0.028910"/>
        <testcase name="test_command_make_update_request_with_force_and_with_skeleton" file="/app/tests/Feature/Console/Commands/RequestMakeCommand/CrudTest.php" line="96" class="Tests\Feature\Playground\Make\Controller\Console\Commands\RequestMakeCommand\CrudTest" classname="Tests.Feature.Playground.Make.Controller.Console.Commands.RequestMakeCommand.CrudTest" assertions="1" time="0.029140"/>
        <testcase name="test_command_make_other_request_with_force_and_without_skeleton" file="/app/tests/Feature/Console/Commands/RequestMakeCommand/CrudTest.php" line="107" class="Tests\Feature\Playground\Make\Controller\Console\Commands\RequestMakeCommand\CrudTest" classname="Tests.Feature.Playground.Make.Controller.Console.Commands.RequestMakeCommand.CrudTest" assertions="1" time="0.029534"/>
        <testcase name="test_command_make_other_request_with_force_and_with_skeleton" file="/app/tests/Feature/Console/Commands/RequestMakeCommand/CrudTest.php" line="118" class="Tests\Feature\Playground\Make\Controller\Console\Commands\RequestMakeCommand\CrudTest" classname="Tests.Feature.Playground.Make.Controller.Console.Commands.RequestMakeCommand.CrudTest" assertions="1" time="0.031519"/>
        <testcase name="test_command_make_default_request_with_force_and_without_skeleton" file="/app/tests/Feature/Console/Commands/RequestMakeCommand/CrudTest.php" line="129" class="Tests\Feature\Playground\Make\Controller\Console\Commands\RequestMakeCommand\CrudTest" classname="Tests.Feature.Playground.Make.Controller.Console.Commands.RequestMakeCommand.CrudTest" assertions="1" time="0.029840"/>
        <testcase name="test_command_make_default_request_with_force_and_with_skeleton" file="/app/tests/Feature/Console/Commands/RequestMakeCommand/CrudTest.php" line="140" class="Tests\Feature\Playground\Make\Controller\Console\Commands\RequestMakeCommand\CrudTest" classname="Tests.Feature.Playground.Make.Controller.Console.Commands.RequestMakeCommand.CrudTest" assertions="1" time="0.030111"/>
      </testsuite>
      <testsuite name="Tests\Feature\Playground\Make\Controller\Console\Commands\RequestMakeCommand\FileTest" file="/app/tests/Feature/Console/Commands/RequestMakeCommand/FileTest.php" tests="2" assertions="6" errors="0" failures="0" skipped="0" time="0.060286">
        <testcase name="test_command_make_request_with_force_and_without_skeleton" file="/app/tests/Feature/Console/Commands/RequestMakeCommand/FileTest.php" line="20" class="Tests\Feature\Playground\Make\Controller\Console\Commands\RequestMakeCommand\FileTest" classname="Tests.Feature.Playground.Make.Controller.Console.Commands.RequestMakeCommand.FileTest" assertions="3" time="0.029802"/>
        <testcase name="test_command_make_request_with_force_and_with_skeleton" file="/app/tests/Feature/Console/Commands/RequestMakeCommand/FileTest.php" line="39" class="Tests\Feature\Playground\Make\Controller\Console\Commands\RequestMakeCommand\FileTest" classname="Tests.Feature.Playground.Make.Controller.Console.Commands.RequestMakeCommand.FileTest" assertions="3" time="0.030484"/>
      </testsuite>
      <testsuite name="Tests\Feature\Playground\Make\Controller\Console\Commands\RequestMakeCommand\IndexTest" file="/app/tests/Feature/Console/Commands/RequestMakeCommand/IndexTest.php" tests="3" assertions="3" errors="0" failures="0" skipped="0" time="0.092417">
        <testcase name="test_command_make_FormRequest" file="/app/tests/Feature/Console/Commands/RequestMakeCommand/IndexTest.php" line="19" class="Tests\Feature\Playground\Make\Controller\Console\Commands\RequestMakeCommand\IndexTest" classname="Tests.Feature.Playground.Make.Controller.Console.Commands.RequestMakeCommand.IndexTest" assertions="1" time="0.030954"/>
        <testcase name="test_command_make_AbstractIndexRequest" file="/app/tests/Feature/Console/Commands/RequestMakeCommand/IndexTest.php" line="30" class="Tests\Feature\Playground\Make\Controller\Console\Commands\RequestMakeCommand\IndexTest" classname="Tests.Feature.Playground.Make.Controller.Console.Commands.RequestMakeCommand.IndexTest" assertions="1" time="0.030814"/>
        <testcase name="test_command_make_AbstractStoreRequest" file="/app/tests/Feature/Console/Commands/RequestMakeCommand/IndexTest.php" line="41" class="Tests\Feature\Playground\Make\Controller\Console\Commands\RequestMakeCommand\IndexTest" classname="Tests.Feature.Playground.Make.Controller.Console.Commands.RequestMakeCommand.IndexTest" assertions="1" time="0.030649"/>
      </testsuite>
      <testsuite name="Tests\Feature\Playground\Make\Controller\Console\Commands\RequestMakeCommand\ModelTest" file="/app/tests/Feature/Console/Commands/RequestMakeCommand/ModelTest.php" tests="4" assertions="4" errors="0" failures="0" skipped="0" time="0.145484">
        <testcase name="test_command_make_CreateRequest_with_force_and_without_skeleton" file="/app/tests/Feature/Console/Commands/RequestMakeCommand/ModelTest.php" line="19" class="Tests\Feature\Playground\Make\Controller\Console\Commands\RequestMakeCommand\ModelTest" classname="Tests.Feature.Playground.Make.Controller.Console.Commands.RequestMakeCommand.ModelTest" assertions="1" time="0.042434"/>
        <testcase name="test_command_make_IndexRequest_with_force_and_with_skeleton" file="/app/tests/Feature/Console/Commands/RequestMakeCommand/ModelTest.php" line="30" class="Tests\Feature\Playground\Make\Controller\Console\Commands\RequestMakeCommand\ModelTest" classname="Tests.Feature.Playground.Make.Controller.Console.Commands.RequestMakeCommand.ModelTest" assertions="1" time="0.041053"/>
        <testcase name="test_command_make_IndexRequest_with_force_and_with_skeleton_without_model_file" file="/app/tests/Feature/Console/Commands/RequestMakeCommand/ModelTest.php" line="41" class="Tests\Feature\Playground\Make\Controller\Console\Commands\RequestMakeCommand\ModelTest" classname="Tests.Feature.Playground.Make.Controller.Console.Commands.RequestMakeCommand.ModelTest" assertions="1" time="0.032124"/>
        <testcase name="test_command_make_IndexRequest_under_Subfolder_with_force_and_with_skeleton_without_model_file" file="/app/tests/Feature/Console/Commands/RequestMakeCommand/ModelTest.php" line="52" class="Tests\Feature\Playground\Make\Controller\Console\Commands\RequestMakeCommand\ModelTest" classname="Tests.Feature.Playground.Make.Controller.Console.Commands.RequestMakeCommand.ModelTest" assertions="1" time="0.029872"/>
      </testsuite>
      <testsuite name="Tests\Feature\Playground\Make\Controller\Console\Commands\ResourceMakeCommand\AbstractTest" file="/app/tests/Feature/Console/Commands/ResourceMakeCommand/AbstractTest.php" tests="4" assertions="4" errors="0" failures="0" skipped="0" time="0.110497">
        <testcase name="test_command_make_abstract_resource_with_force_and_without_skeleton" file="/app/tests/Feature/Console/Commands/ResourceMakeCommand/AbstractTest.php" line="19" class="Tests\Feature\Playground\Make\Controller\Console\Commands\ResourceMakeCommand\AbstractTest" classname="Tests.Feature.Playground.Make.Controller.Console.Commands.ResourceMakeCommand.AbstractTest" assertions="1" time="0.027460"/>
        <testcase name="test_command_make_abstract_resource_with_force_and_with_skeleton" file="/app/tests/Feature/Console/Commands/ResourceMakeCommand/AbstractTest.php" line="30" class="Tests\Feature\Playground\Make\Controller\Console\Commands\ResourceMakeCommand\AbstractTest" classname="Tests.Feature.Playground.Make.Controller.Console.Commands.ResourceMakeCommand.AbstractTest" assertions="1" time="0.027354"/>
        <testcase name="test_command_make_abstract_keys_resource_with_force_and_without_skeleton" file="/app/tests/Feature/Console/Commands/ResourceMakeCommand/AbstractTest.php" line="41" class="Tests\Feature\Playground\Make\Controller\Console\Commands\ResourceMakeCommand\AbstractTest" classname="Tests.Feature.Playground.Make.Controller.Console.Commands.ResourceMakeCommand.AbstractTest" assertions="1" time="0.027895"/>
        <testcase name="test_command_make_abstract_keys_resource_with_force_and_with_skeleton" file="/app/tests/Feature/Console/Commands/ResourceMakeCommand/AbstractTest.php" line="52" class="Tests\Feature\Playground\Make\Controller\Console\Commands\ResourceMakeCommand\AbstractTest" classname="Tests.Feature.Playground.Make.Controller.Console.Commands.ResourceMakeCommand.AbstractTest" assertions="1" time="0.027788"/>
      </testsuite>
      <testsuite name="Tests\Feature\Playground\Make\Controller\Console\Commands\ResourceMakeCommand\CollectionTest" file="/app/tests/Feature/Console/Commands/ResourceMakeCommand/CollectionTest.php" tests="5" assertions="5" errors="0" failures="0" skipped="0" time="0.139248">
        <testcase name="test_command_make_resource_with_force_and_without_skeleton" file="/app/tests/Feature/Console/Commands/ResourceMakeCommand/CollectionTest.php" line="19" class="Tests\Feature\Playground\Make\Controller\Console\Commands\ResourceMakeCommand\CollectionTest" classname="Tests.Feature.Playground.Make.Controller.Console.Commands.ResourceMakeCommand.CollectionTest" assertions="1" time="0.027094"/>
        <testcase name="test_command_make_collection_resource_with_force_and_with_skeleton" file="/app/tests/Feature/Console/Commands/ResourceMakeCommand/CollectionTest.php" line="30" class="Tests\Feature\Playground\Make\Controller\Console\Commands\ResourceMakeCommand\CollectionTest" classname="Tests.Feature.Playground.Make.Controller.Console.Commands.ResourceMakeCommand.CollectionTest" assertions="1" time="0.028843"/>
        <testcase name="test_command_make_named_collection_resource_with_force_and_with_skeleton" file="/app/tests/Feature/Console/Commands/ResourceMakeCommand/CollectionTest.php" line="41" class="Tests\Feature\Playground\Make\Controller\Console\Commands\ResourceMakeCommand\CollectionTest" classname="Tests.Feature.Playground.Make.Controller.Console.Commands.ResourceMakeCommand.CollectionTest" assertions="1" time="0.027722"/>
        <testcase name="test_command_make_named_collection_resource_with_option_with_force_and_with_skeleton" file="/app/tests/Feature/Console/Commands/ResourceMakeCommand/CollectionTest.php" line="52" class="Tests\Feature\Playground\Make\Controller\Console\Commands\ResourceMakeCommand\CollectionTest" classname="Tests.Feature.Playground.Make.Controller.Console.Commands.ResourceMakeCommand.CollectionTest" assertions="1" time="0.027765"/>
        <testcase name="test_command_make_collection_resource_with_option_with_force_and_with_skeleton" file="/app/tests/Feature/Console/Commands/ResourceMakeCommand/CollectionTest.php" line="63" class="Tests\Feature\Playground\Make\Controller\Console\Commands\ResourceMakeCommand\CollectionTest" classname="Tests.Feature.Playground.Make.Controller.Console.Commands.ResourceMakeCommand.CollectionTest" assertions="1" time="0.027824"/>
      </testsuite>
      <testsuite name="Tests\Feature\Playground\Make\Controller\Console\Commands\ResourceMakeCommand\CommandTest" file="/app/tests/Feature/Console/Commands/ResourceMakeCommand/CommandTest.php" tests="2" assertions="3" errors="0" failures="0" skipped="0" time="0.056537">
        <testcase name="test_command_without_options_or_arguments" file="/app/tests/Feature/Console/Commands/ResourceMakeCommand/CommandTest.php" line="19" class="Tests\Feature\Playground\Make\Controller\Console\Commands\ResourceMakeCommand\CommandTest" classname="Tests.Feature.Playground.Make.Controller.Console.Commands.ResourceMakeCommand.CommandTest" assertions="2" time="0.025906"/>
        <testcase name="test_command_skeleton" file="/app/tests/Feature/Console/Commands/ResourceMakeCommand/CommandTest.php" line="29" class="Tests\Feature\Playground\Make\Controller\Console\Commands\ResourceMakeCommand\CommandTest" classname="Tests.Feature.Playground.Make.Controller.Console.Commands.ResourceMakeCommand.CommandTest" assertions="1" time="0.030631"/>
      </testsuite>
      <testsuite name="Tests\Feature\Playground\Make\Controller\Console\Commands\ResourceMakeCommand\KeysTest" file="/app/tests/Feature/Console/Commands/ResourceMakeCommand/KeysTest.php" tests="2" assertions="2" errors="0" failures="0" skipped="0" time="0.054408">
        <testcase name="test_command_make_keys_resource_with_force_and_without_skeleton" file="/app/tests/Feature/Console/Commands/ResourceMakeCommand/KeysTest.php" line="19" class="Tests\Feature\Playground\Make\Controller\Console\Commands\ResourceMakeCommand\KeysTest" classname="Tests.Feature.Playground.Make.Controller.Console.Commands.ResourceMakeCommand.KeysTest" assertions="1" time="0.027102"/>
        <testcase name="test_command_make_keys_resource_with_force_and_with_skeleton" file="/app/tests/Feature/Console/Commands/ResourceMakeCommand/KeysTest.php" line="30" class="Tests\Feature\Playground\Make\Controller\Console\Commands\ResourceMakeCommand\KeysTest" classname="Tests.Feature.Playground.Make.Controller.Console.Commands.ResourceMakeCommand.KeysTest" assertions="1" time="0.027306"/>
      </testsuite>
      <testsuite name="Tests\Feature\Playground\Make\Controller\Console\Commands\ResourceMakeCommand\StubTest" file="/app/tests/Feature/Console/Commands/ResourceMakeCommand/StubTest.php" tests="2" assertions="4" errors="0" failures="0" skipped="0" time="0.055847">
        <testcase name="test_command_with_invalid_stubs_path_in_the_config" file="/app/tests/Feature/Console/Commands/ResourceMakeCommand/StubTest.php" line="21" class="Tests\Feature\Playground\Make\Controller\Console\Commands\ResourceMakeCommand\StubTest" classname="Tests.Feature.Playground.Make.Controller.Console.Commands.ResourceMakeCommand.StubTest" assertions="2" time="0.028959"/>
        <testcase name="test_command_with_invalid_path_to_stub_in_the_config" file="/app/tests/Feature/Console/Commands/ResourceMakeCommand/StubTest.php" line="43" class="Tests\Feature\Playground\Make\Controller\Console\Commands\ResourceMakeCommand\StubTest" classname="Tests.Feature.Playground.Make.Controller.Console.Commands.ResourceMakeCommand.StubTest" assertions="2" time="0.026888"/>
      </testsuite>
      <testsuite name="Tests\Feature\Playground\Make\Controller\Console\Commands\RouteMakeCommand\ApiTest" file="/app/tests/Feature/Console/Commands/RouteMakeCommand/ApiTest.php" tests="3" assertions="4" errors="0" failures="0" skipped="0" time="0.094316">
        <testcase name="test_command_make_playground_api_route_with_force_and_without_skeleton" file="/app/tests/Feature/Console/Commands/RouteMakeCommand/ApiTest.php" line="19" class="Tests\Feature\Playground\Make\Controller\Console\Commands\RouteMakeCommand\ApiTest" classname="Tests.Feature.Playground.Make.Controller.Console.Commands.RouteMakeCommand.ApiTest" assertions="1" time="0.033805"/>
        <testcase name="test_command_make_api_route_with_force_and_with_skeleton" file="/app/tests/Feature/Console/Commands/RouteMakeCommand/ApiTest.php" line="33" class="Tests\Feature\Playground\Make\Controller\Console\Commands\RouteMakeCommand\ApiTest" classname="Tests.Feature.Playground.Make.Controller.Console.Commands.RouteMakeCommand.ApiTest" assertions="1" time="0.035544"/>
        <testcase name="test_command_make_api_route_without_model_file" file="/app/tests/Feature/Console/Commands/RouteMakeCommand/ApiTest.php" line="47" class="Tests\Feature\Playground\Make\Controller\Console\Commands\RouteMakeCommand\ApiTest" classname="Tests.Feature.Playground.Make.Controller.Console.Commands.RouteMakeCommand.ApiTest" assertions="2" time="0.024967"/>
      </testsuite>
      <testsuite name="Tests\Feature\Playground\Make\Controller\Console\Commands\RouteMakeCommand\CommandTest" file="/app/tests/Feature/Console/Commands/RouteMakeCommand/CommandTest.php" tests="3" assertions="4" errors="0" failures="0" skipped="0" time="0.081820">
        <testcase name="test_command_without_options_or_arguments" file="/app/tests/Feature/Console/Commands/RouteMakeCommand/CommandTest.php" line="19" class="Tests\Feature\Playground\Make\Controller\Console\Commands\RouteMakeCommand\CommandTest" classname="Tests.Feature.Playground.Make.Controller.Console.Commands.RouteMakeCommand.CommandTest" assertions="2" time="0.026372"/>
        <testcase name="test_command_skeleton" file="/app/tests/Feature/Console/Commands/RouteMakeCommand/CommandTest.php" line="29" class="Tests\Feature\Playground\Make\Controller\Console\Commands\RouteMakeCommand\CommandTest" classname="Tests.Feature.Playground.Make.Controller.Console.Commands.RouteMakeCommand.CommandTest" assertions="1" time="0.027470"/>
        <testcase name="test_command_with_options" file="/app/tests/Feature/Console/Commands/RouteMakeCommand/CommandTest.php" line="38" class="Tests\Feature\Playground\Make\Controller\Console\Commands\RouteMakeCommand\CommandTest" classname="Tests.Feature.Playground.Make.Controller.Console.Commands.RouteMakeCommand.CommandTest" assertions="1" time="0.027977"/>
      </testsuite>
      <testsuite name="Tests\Feature\Playground\Make\Controller\Console\Commands\RouteMakeCommand\FileTest" file="/app/tests/Feature/Console/Commands/RouteMakeCommand/FileTest.php" tests="2" assertions="2" errors="0" failures="0" skipped="0" time="0.060224">
        <testcase name="test_command_make_route_with_force_and_without_skeleton" file="/app/tests/Feature/Console/Commands/RouteMakeCommand/FileTest.php" line="19" class="Tests\Feature\Playground\Make\Controller\Console\Commands\RouteMakeCommand\FileTest" classname="Tests.Feature.Playground.Make.Controller.Console.Commands.RouteMakeCommand.FileTest" assertions="1" time="0.030326"/>
        <testcase name="test_command_make_route_with_force_and_with_skeleton" file="/app/tests/Feature/Console/Commands/RouteMakeCommand/FileTest.php" line="33" class="Tests\Feature\Playground\Make\Controller\Console\Commands\RouteMakeCommand\FileTest" classname="Tests.Feature.Playground.Make.Controller.Console.Commands.RouteMakeCommand.FileTest" assertions="1" time="0.029898"/>
      </testsuite>
      <testsuite name="Tests\Feature\Playground\Make\Controller\Console\Commands\RouteMakeCommand\ResourceTest" file="/app/tests/Feature/Console/Commands/RouteMakeCommand/ResourceTest.php" tests="6" assertions="7" errors="0" failures="0" skipped="0" time="0.198258">
        <testcase name="test_command_make_playground_resource_route_with_force_and_without_skeleton" file="/app/tests/Feature/Console/Commands/RouteMakeCommand/ResourceTest.php" line="19" class="Tests\Feature\Playground\Make\Controller\Console\Commands\RouteMakeCommand\ResourceTest" classname="Tests.Feature.Playground.Make.Controller.Console.Commands.RouteMakeCommand.ResourceTest" assertions="1" time="0.033722"/>
        <testcase name="test_command_make_resource_route_with_force_and_with_skeleton" file="/app/tests/Feature/Console/Commands/RouteMakeCommand/ResourceTest.php" line="33" class="Tests\Feature\Playground\Make\Controller\Console\Commands\RouteMakeCommand\ResourceTest" classname="Tests.Feature.Playground.Make.Controller.Console.Commands.RouteMakeCommand.ResourceTest" assertions="1" time="0.037377"/>
        <testcase name="test_command_make_resource_route_without_model_file" file="/app/tests/Feature/Console/Commands/RouteMakeCommand/ResourceTest.php" line="47" class="Tests\Feature\Playground\Make\Controller\Console\Commands\RouteMakeCommand\ResourceTest" classname="Tests.Feature.Playground.Make.Controller.Console.Commands.RouteMakeCommand.ResourceTest" assertions="2" time="0.025047"/>
        <testcase name="test_command_make_playground_resource_index_route_with_force_and_without_skeleton" file="/app/tests/Feature/Console/Commands/RouteMakeCommand/ResourceTest.php" line="57" class="Tests\Feature\Playground\Make\Controller\Console\Commands\RouteMakeCommand\ResourceTest" classname="Tests.Feature.Playground.Make.Controller.Console.Commands.RouteMakeCommand.ResourceTest" assertions="1" time="0.034329"/>
        <testcase name="test_command_make_resource_index_route_with_force_and_with_skeleton" file="/app/tests/Feature/Console/Commands/RouteMakeCommand/ResourceTest.php" line="71" class="Tests\Feature\Playground\Make\Controller\Console\Commands\RouteMakeCommand\ResourceTest" classname="Tests.Feature.Playground.Make.Controller.Console.Commands.RouteMakeCommand.ResourceTest" assertions="1" time="0.037619"/>
        <testcase name="test_command_make_resource_index_route_without_model_file" file="/app/tests/Feature/Console/Commands/RouteMakeCommand/ResourceTest.php" line="85" class="Tests\Feature\Playground\Make\Controller\Console\Commands\RouteMakeCommand\ResourceTest" classname="Tests.Feature.Playground.Make.Controller.Console.Commands.RouteMakeCommand.ResourceTest" assertions="1" time="0.030164"/>
      </testsuite>
    </testsuite>
  </testsuite>
</testsuites>
