<?xml version="1.0" encoding="UTF-8"?>
<testsuites>
  <testsuite name="/app/phpunit-ci.xml" tests="97" assertions="222" errors="0" failures="0" skipped="0" time="4.280129">
    <testsuite name="Unit" tests="22" assertions="132" errors="0" failures="0" skipped="0" time="0.810848">
      <testsuite name="Tests\Unit\Playground\Make\Controller\Configuration\Controller\InstanceTest" file="/app/tests/Unit/Configuration/Controller/InstanceTest.php" tests="5" assertions="32" errors="0" failures="0" skipped="0" time="0.353532">
        <testcase name="test_instance" file="/app/tests/Unit/Configuration/Controller/InstanceTest.php" line="19" class="Tests\Unit\Playground\Make\Controller\Configuration\Controller\InstanceTest" classname="Tests.Unit.Playground.Make.Controller.Configuration.Controller.InstanceTest" assertions="1" time="0.253340"/>
        <testcase name="test_instance_apply_without_options" file="/app/tests/Unit/Configuration/Controller/InstanceTest.php" line="69" class="Tests\Unit\Playground\Make\Controller\Configuration\Controller\InstanceTest" classname="Tests.Unit.Playground.Make.Controller.Configuration.Controller.InstanceTest" assertions="4" time="0.025738"/>
        <testcase name="test_folder_is_empty_by_default" file="/app/tests/Unit/Configuration/Controller/InstanceTest.php" line="86" class="Tests\Unit\Playground\Make\Controller\Configuration\Controller\InstanceTest" classname="Tests.Unit.Playground.Make.Controller.Configuration.Controller.InstanceTest" assertions="3" time="0.023449"/>
        <testcase name="test_resource_controller_with_file_and_skeleton" file="/app/tests/Unit/Configuration/Controller/InstanceTest.php" line="96" class="Tests\Unit\Playground\Make\Controller\Configuration\Controller\InstanceTest" classname="Tests.Unit.Playground.Make.Controller.Configuration.Controller.InstanceTest" assertions="12" time="0.025233"/>
        <testcase name="test_api_controller_with_file_and_skeleton" file="/app/tests/Unit/Configuration/Controller/InstanceTest.php" line="148" class="Tests\Unit\Playground\Make\Controller\Configuration\Controller\InstanceTest" classname="Tests.Unit.Playground.Make.Controller.Configuration.Controller.InstanceTest" assertions="12" time="0.025772"/>
      </testsuite>
      <testsuite name="Tests\Unit\Playground\Make\Controller\Configuration\Policy\InstanceTest" file="/app/tests/Unit/Configuration/Policy/InstanceTest.php" tests="4" assertions="23" errors="0" failures="0" skipped="0" time="0.109393">
        <testcase name="test_instance" file="/app/tests/Unit/Configuration/Policy/InstanceTest.php" line="19" class="Tests\Unit\Playground\Make\Controller\Configuration\Policy\InstanceTest" classname="Tests.Unit.Playground.Make.Controller.Configuration.Policy.InstanceTest" assertions="1" time="0.036988"/>
        <testcase name="test_instance_apply_without_options" file="/app/tests/Unit/Configuration/Policy/InstanceTest.php" line="50" class="Tests\Unit\Playground\Make\Controller\Configuration\Policy\InstanceTest" classname="Tests.Unit.Playground.Make.Controller.Configuration.Policy.InstanceTest" assertions="4" time="0.023657"/>
        <testcase name="test_folder_is_empty_by_default" file="/app/tests/Unit/Configuration/Policy/InstanceTest.php" line="67" class="Tests\Unit\Playground\Make\Controller\Configuration\Policy\InstanceTest" classname="Tests.Unit.Playground.Make.Controller.Configuration.Policy.InstanceTest" assertions="3" time="0.023630"/>
        <testcase name="test_test_with_file_and_skeleton" file="/app/tests/Unit/Configuration/Policy/InstanceTest.php" line="77" class="Tests\Unit\Playground\Make\Controller\Configuration\Policy\InstanceTest" classname="Tests.Unit.Playground.Make.Controller.Configuration.Policy.InstanceTest" assertions="15" time="0.025117"/>
      </testsuite>
      <testsuite name="Tests\Unit\Playground\Make\Controller\Configuration\Request\InstanceTest" file="/app/tests/Unit/Configuration/Request/InstanceTest.php" tests="4" assertions="19" errors="0" failures="0" skipped="0" time="0.106023">
        <testcase name="test_instance" file="/app/tests/Unit/Configuration/Request/InstanceTest.php" line="19" class="Tests\Unit\Playground\Make\Controller\Configuration\Request\InstanceTest" classname="Tests.Unit.Playground.Make.Controller.Configuration.Request.InstanceTest" assertions="1" time="0.032710"/>
        <testcase name="test_instance_apply_without_options" file="/app/tests/Unit/Configuration/Request/InstanceTest.php" line="53" class="Tests\Unit\Playground\Make\Controller\Configuration\Request\InstanceTest" classname="Tests.Unit.Playground.Make.Controller.Configuration.Request.InstanceTest" assertions="4" time="0.023569"/>
        <testcase name="test_folder_is_empty_by_default" file="/app/tests/Unit/Configuration/Request/InstanceTest.php" line="70" class="Tests\Unit\Playground\Make\Controller\Configuration\Request\InstanceTest" classname="Tests.Unit.Playground.Make.Controller.Configuration.Request.InstanceTest" assertions="3" time="0.025636"/>
        <testcase name="test_test_with_file_and_skeleton" file="/app/tests/Unit/Configuration/Request/InstanceTest.php" line="80" class="Tests\Unit\Playground\Make\Controller\Configuration\Request\InstanceTest" classname="Tests.Unit.Playground.Make.Controller.Configuration.Request.InstanceTest" assertions="11" time="0.024107"/>
      </testsuite>
      <testsuite name="Tests\Unit\Playground\Make\Controller\Configuration\Resource\InstanceTest" file="/app/tests/Unit/Configuration/Resource/InstanceTest.php" tests="5" assertions="28" errors="0" failures="0" skipped="0" time="0.127721">
        <testcase name="test_instance" file="/app/tests/Unit/Configuration/Resource/InstanceTest.php" line="19" class="Tests\Unit\Playground\Make\Controller\Configuration\Resource\InstanceTest" classname="Tests.Unit.Playground.Make.Controller.Configuration.Resource.InstanceTest" assertions="1" time="0.029894"/>
        <testcase name="test_instance_apply_without_options" file="/app/tests/Unit/Configuration/Resource/InstanceTest.php" line="48" class="Tests\Unit\Playground\Make\Controller\Configuration\Resource\InstanceTest" classname="Tests.Unit.Playground.Make.Controller.Configuration.Resource.InstanceTest" assertions="4" time="0.024769"/>
        <testcase name="test_folder_is_empty_by_default" file="/app/tests/Unit/Configuration/Resource/InstanceTest.php" line="65" class="Tests\Unit\Playground\Make\Controller\Configuration\Resource\InstanceTest" classname="Tests.Unit.Playground.Make.Controller.Configuration.Resource.InstanceTest" assertions="3" time="0.024622"/>
        <testcase name="test_with_file_and_skeleton" file="/app/tests/Unit/Configuration/Resource/InstanceTest.php" line="75" class="Tests\Unit\Playground\Make\Controller\Configuration\Resource\InstanceTest" classname="Tests.Unit.Playground.Make.Controller.Configuration.Resource.InstanceTest" assertions="10" time="0.024041"/>
        <testcase name="test_with_file_and_skeleton_as_collection" file="/app/tests/Unit/Configuration/Resource/InstanceTest.php" line="108" class="Tests\Unit\Playground\Make\Controller\Configuration\Resource\InstanceTest" classname="Tests.Unit.Playground.Make.Controller.Configuration.Resource.InstanceTest" assertions="10" time="0.024395"/>
      </testsuite>
      <testsuite name="Tests\Unit\Playground\Make\Controller\Configuration\Route\InstanceTest" file="/app/tests/Unit/Configuration/Route/InstanceTest.php" tests="4" assertions="30" errors="0" failures="0" skipped="0" time="0.114180">
        <testcase name="test_instance" file="/app/tests/Unit/Configuration/Route/InstanceTest.php" line="19" class="Tests\Unit\Playground\Make\Controller\Configuration\Route\InstanceTest" classname="Tests.Unit.Playground.Make.Controller.Configuration.Route.InstanceTest" assertions="1" time="0.041384"/>
        <testcase name="test_instance_apply_without_options" file="/app/tests/Unit/Configuration/Route/InstanceTest.php" line="56" class="Tests\Unit\Playground\Make\Controller\Configuration\Route\InstanceTest" classname="Tests.Unit.Playground.Make.Controller.Configuration.Route.InstanceTest" assertions="4" time="0.023933"/>
        <testcase name="test_folder_is_empty_by_default" file="/app/tests/Unit/Configuration/Route/InstanceTest.php" line="73" class="Tests\Unit\Playground\Make\Controller\Configuration\Route\InstanceTest" classname="Tests.Unit.Playground.Make.Controller.Configuration.Route.InstanceTest" assertions="3" time="0.024139"/>
        <testcase name="test_with_file_and_skeleton" file="/app/tests/Unit/Configuration/Route/InstanceTest.php" line="83" class="Tests\Unit\Playground\Make\Controller\Configuration\Route\InstanceTest" classname="Tests.Unit.Playground.Make.Controller.Configuration.Route.InstanceTest" assertions="22" time="0.024723"/>
      </testsuite>
    </testsuite>
    <testsuite name="Feature" tests="75" assertions="90" errors="0" failures="0" skipped="0" time="3.469281">
      <testsuite name="Tests\Feature\Playground\Make\Controller\Console\Commands\About\CommandTest" file="/app/tests/Feature/Console/Commands/About/CommandTest.php" tests="1" assertions="2" errors="0" failures="0" skipped="0" time="0.712994">
        <testcase name="test_command_about_displays_package_information_and_succeed_with_code_0" file="/app/tests/Feature/Console/Commands/About/CommandTest.php" line="27" class="Tests\Feature\Playground\Make\Controller\Console\Commands\About\CommandTest" classname="Tests.Feature.Playground.Make.Controller.Console.Commands.About.CommandTest" assertions="2" time="0.712994"/>
      </testsuite>
      <testsuite name="Tests\Feature\Playground\Make\Controller\Console\Commands\ControllerMakeCommand\CommandTest" file="/app/tests/Feature/Console/Commands/ControllerMakeCommand/CommandTest.php" tests="2" assertions="3" errors="0" failures="0" skipped="0" time="0.099854">
        <testcase name="test_command_without_options_or_arguments" file="/app/tests/Feature/Console/Commands/ControllerMakeCommand/CommandTest.php" line="20" class="Tests\Feature\Playground\Make\Controller\Console\Commands\ControllerMakeCommand\CommandTest" classname="Tests.Feature.Playground.Make.Controller.Console.Commands.ControllerMakeCommand.CommandTest" assertions="2" time="0.062127"/>
        <testcase name="test_command_skeleton" file="/app/tests/Feature/Console/Commands/ControllerMakeCommand/CommandTest.php" line="30" class="Tests\Feature\Playground\Make\Controller\Console\Commands\ControllerMakeCommand\CommandTest" classname="Tests.Feature.Playground.Make.Controller.Console.Commands.ControllerMakeCommand.CommandTest" assertions="1" time="0.037727"/>
      </testsuite>
      <testsuite name="Tests\Feature\Playground\Make\Controller\Console\Commands\ControllerMakeCommand\FileTest" file="/app/tests/Feature/Console/Commands/ControllerMakeCommand/FileTest.php" tests="2" assertions="2" errors="0" failures="0" skipped="0" time="0.393902">
        <testcase name="test_command_make_controller_with_force_and_without_skeleton" file="/app/tests/Feature/Console/Commands/ControllerMakeCommand/FileTest.php" line="20" class="Tests\Feature\Playground\Make\Controller\Console\Commands\ControllerMakeCommand\FileTest" classname="Tests.Feature.Playground.Make.Controller.Console.Commands.ControllerMakeCommand.FileTest" assertions="1" time="0.055624"/>
        <testcase name="test_command_make_controller_with_force_and_with_skeleton" file="/app/tests/Feature/Console/Commands/ControllerMakeCommand/FileTest.php" line="34" class="Tests\Feature\Playground\Make\Controller\Console\Commands\ControllerMakeCommand\FileTest" classname="Tests.Feature.Playground.Make.Controller.Console.Commands.ControllerMakeCommand.FileTest" assertions="1" time="0.338278"/>
      </testsuite>
      <testsuite name="Tests\Feature\Playground\Make\Controller\Console\Commands\PolicyMakeCommand\CommandTest" file="/app/tests/Feature/Console/Commands/PolicyMakeCommand/CommandTest.php" tests="10" assertions="12" errors="0" failures="0" skipped="0" time="0.308977">
        <testcase name="test_command_without_options_or_arguments" file="/app/tests/Feature/Console/Commands/PolicyMakeCommand/CommandTest.php" line="19" class="Tests\Feature\Playground\Make\Controller\Console\Commands\PolicyMakeCommand\CommandTest" classname="Tests.Feature.Playground.Make.Controller.Console.Commands.PolicyMakeCommand.CommandTest" assertions="2" time="0.027733"/>
        <testcase name="test_command_skeleton" file="/app/tests/Feature/Console/Commands/PolicyMakeCommand/CommandTest.php" line="29" class="Tests\Feature\Playground\Make\Controller\Console\Commands\PolicyMakeCommand\CommandTest" classname="Tests.Feature.Playground.Make.Controller.Console.Commands.PolicyMakeCommand.CommandTest" assertions="1" time="0.029333"/>
        <testcase name="test_command_skeleton_with_roles_action" file="/app/tests/Feature/Console/Commands/PolicyMakeCommand/CommandTest.php" line="38" class="Tests\Feature\Playground\Make\Controller\Console\Commands\PolicyMakeCommand\CommandTest" classname="Tests.Feature.Playground.Make.Controller.Console.Commands.PolicyMakeCommand.CommandTest" assertions="1" time="0.029738"/>
        <testcase name="test_command_skeleton_with_roles_view" file="/app/tests/Feature/Console/Commands/PolicyMakeCommand/CommandTest.php" line="47" class="Tests\Feature\Playground\Make\Controller\Console\Commands\PolicyMakeCommand\CommandTest" classname="Tests.Feature.Playground.Make.Controller.Console.Commands.PolicyMakeCommand.CommandTest" assertions="1" time="0.033102"/>
        <testcase name="test_command_skeleton_with_roles_and_action_view" file="/app/tests/Feature/Console/Commands/PolicyMakeCommand/CommandTest.php" line="56" class="Tests\Feature\Playground\Make\Controller\Console\Commands\PolicyMakeCommand\CommandTest" classname="Tests.Feature.Playground.Make.Controller.Console.Commands.PolicyMakeCommand.CommandTest" assertions="1" time="0.030633"/>
        <testcase name="test_command_userProviderModelGuard_with_invalid_guard" file="/app/tests/Feature/Console/Commands/PolicyMakeCommand/CommandTest.php" line="65" class="Tests\Feature\Playground\Make\Controller\Console\Commands\PolicyMakeCommand\CommandTest" classname="Tests.Feature.Playground.Make.Controller.Console.Commands.PolicyMakeCommand.CommandTest" assertions="2" time="0.028065"/>
        <testcase name="test_command_skeleton_with_type_playground_resource" file="/app/tests/Feature/Console/Commands/PolicyMakeCommand/CommandTest.php" line="79" class="Tests\Feature\Playground\Make\Controller\Console\Commands\PolicyMakeCommand\CommandTest" classname="Tests.Feature.Playground.Make.Controller.Console.Commands.PolicyMakeCommand.CommandTest" assertions="1" time="0.030522"/>
        <testcase name="test_command_skeleton_with_type_playground_api" file="/app/tests/Feature/Console/Commands/PolicyMakeCommand/CommandTest.php" line="88" class="Tests\Feature\Playground\Make\Controller\Console\Commands\PolicyMakeCommand\CommandTest" classname="Tests.Feature.Playground.Make.Controller.Console.Commands.PolicyMakeCommand.CommandTest" assertions="1" time="0.032503"/>
        <testcase name="test_command_skeleton_with_type_api" file="/app/tests/Feature/Console/Commands/PolicyMakeCommand/CommandTest.php" line="97" class="Tests\Feature\Playground\Make\Controller\Console\Commands\PolicyMakeCommand\CommandTest" classname="Tests.Feature.Playground.Make.Controller.Console.Commands.PolicyMakeCommand.CommandTest" assertions="1" time="0.032691"/>
        <testcase name="test_command_skeleton_with_type_resource" file="/app/tests/Feature/Console/Commands/PolicyMakeCommand/CommandTest.php" line="106" class="Tests\Feature\Playground\Make\Controller\Console\Commands\PolicyMakeCommand\CommandTest" classname="Tests.Feature.Playground.Make.Controller.Console.Commands.PolicyMakeCommand.CommandTest" assertions="1" time="0.034657"/>
      </testsuite>
      <testsuite name="Tests\Feature\Playground\Make\Controller\Console\Commands\PolicyMakeCommand\FileTest" file="/app/tests/Feature/Console/Commands/PolicyMakeCommand/FileTest.php" tests="2" assertions="2" errors="0" failures="0" skipped="0" time="0.064156">
        <testcase name="test_command_make_policy_with_force_and_without_skeleton" file="/app/tests/Feature/Console/Commands/PolicyMakeCommand/FileTest.php" line="19" class="Tests\Feature\Playground\Make\Controller\Console\Commands\PolicyMakeCommand\FileTest" classname="Tests.Feature.Playground.Make.Controller.Console.Commands.PolicyMakeCommand.FileTest" assertions="1" time="0.032856"/>
        <testcase name="test_command_make_policy_with_force_and_with_skeleton" file="/app/tests/Feature/Console/Commands/PolicyMakeCommand/FileTest.php" line="33" class="Tests\Feature\Playground\Make\Controller\Console\Commands\PolicyMakeCommand\FileTest" classname="Tests.Feature.Playground.Make.Controller.Console.Commands.PolicyMakeCommand.FileTest" assertions="1" time="0.031300"/>
      </testsuite>
      <testsuite name="Tests\Feature\Playground\Make\Controller\Console\Commands\RequestMakeCommand\AbstractTest" file="/app/tests/Feature/Console/Commands/RequestMakeCommand/AbstractTest.php" tests="6" assertions="6" errors="0" failures="0" skipped="0" time="0.185996">
        <testcase name="test_command_make_abstract_request_with_force_and_without_skeleton" file="/app/tests/Feature/Console/Commands/RequestMakeCommand/AbstractTest.php" line="19" class="Tests\Feature\Playground\Make\Controller\Console\Commands\RequestMakeCommand\AbstractTest" classname="Tests.Feature.Playground.Make.Controller.Console.Commands.RequestMakeCommand.AbstractTest" assertions="1" time="0.030431"/>
        <testcase name="test_command_make_abstract_request_with_force_and_with_skeleton" file="/app/tests/Feature/Console/Commands/RequestMakeCommand/AbstractTest.php" line="30" class="Tests\Feature\Playground\Make\Controller\Console\Commands\RequestMakeCommand\AbstractTest" classname="Tests.Feature.Playground.Make.Controller.Console.Commands.RequestMakeCommand.AbstractTest" assertions="1" time="0.030714"/>
        <testcase name="test_command_make_abstract_index_request_with_force_and_without_skeleton" file="/app/tests/Feature/Console/Commands/RequestMakeCommand/AbstractTest.php" line="41" class="Tests\Feature\Playground\Make\Controller\Console\Commands\RequestMakeCommand\AbstractTest" classname="Tests.Feature.Playground.Make.Controller.Console.Commands.RequestMakeCommand.AbstractTest" assertions="1" time="0.030506"/>
        <testcase name="test_command_make_abstract_index_request_with_force_and_with_skeleton" file="/app/tests/Feature/Console/Commands/RequestMakeCommand/AbstractTest.php" line="52" class="Tests\Feature\Playground\Make\Controller\Console\Commands\RequestMakeCommand\AbstractTest" classname="Tests.Feature.Playground.Make.Controller.Console.Commands.RequestMakeCommand.AbstractTest" assertions="1" time="0.030897"/>
        <testcase name="test_command_make_abstract_store_request_with_force_and_without_skeleton" file="/app/tests/Feature/Console/Commands/RequestMakeCommand/AbstractTest.php" line="63" class="Tests\Feature\Playground\Make\Controller\Console\Commands\RequestMakeCommand\AbstractTest" classname="Tests.Feature.Playground.Make.Controller.Console.Commands.RequestMakeCommand.AbstractTest" assertions="1" time="0.032407"/>
        <testcase name="test_command_make_abstract_store_request_with_force_and_with_skeleton" file="/app/tests/Feature/Console/Commands/RequestMakeCommand/AbstractTest.php" line="74" class="Tests\Feature\Playground\Make\Controller\Console\Commands\RequestMakeCommand\AbstractTest" classname="Tests.Feature.Playground.Make.Controller.Console.Commands.RequestMakeCommand.AbstractTest" assertions="1" time="0.031041"/>
      </testsuite>
      <testsuite name="Tests\Feature\Playground\Make\Controller\Console\Commands\RequestMakeCommand\CommandTest" file="/app/tests/Feature/Console/Commands/RequestMakeCommand/CommandTest.php" tests="2" assertions="3" errors="0" failures="0" skipped="0" time="0.062776">
        <testcase name="test_command_without_options_or_arguments" file="/app/tests/Feature/Console/Commands/RequestMakeCommand/CommandTest.php" line="19" class="Tests\Feature\Playground\Make\Controller\Console\Commands\RequestMakeCommand\CommandTest" classname="Tests.Feature.Playground.Make.Controller.Console.Commands.RequestMakeCommand.CommandTest" assertions="2" time="0.027714"/>
        <testcase name="test_command_skeleton" file="/app/tests/Feature/Console/Commands/RequestMakeCommand/CommandTest.php" line="29" class="Tests\Feature\Playground\Make\Controller\Console\Commands\RequestMakeCommand\CommandTest" classname="Tests.Feature.Playground.Make.Controller.Console.Commands.RequestMakeCommand.CommandTest" assertions="1" time="0.035062"/>
      </testsuite>
      <testsuite name="Tests\Feature\Playground\Make\Controller\Console\Commands\RequestMakeCommand\CrudTest" file="/app/tests/Feature/Console/Commands/RequestMakeCommand/CrudTest.php" tests="12" assertions="12" errors="0" failures="0" skipped="0" time="0.386297">
        <testcase name="test_command_make_destroy_request_with_force_and_without_skeleton" file="/app/tests/Feature/Console/Commands/RequestMakeCommand/CrudTest.php" line="19" class="Tests\Feature\Playground\Make\Controller\Console\Commands\RequestMakeCommand\CrudTest" classname="Tests.Feature.Playground.Make.Controller.Console.Commands.RequestMakeCommand.CrudTest" assertions="1" time="0.030625"/>
        <testcase name="test_command_make_destroy_request_with_force_and_with_skeleton" file="/app/tests/Feature/Console/Commands/RequestMakeCommand/CrudTest.php" line="30" class="Tests\Feature\Playground\Make\Controller\Console\Commands\RequestMakeCommand\CrudTest" classname="Tests.Feature.Playground.Make.Controller.Console.Commands.RequestMakeCommand.CrudTest" assertions="1" time="0.030685"/>
        <testcase name="test_command_make_index_request_with_force_and_without_skeleton" file="/app/tests/Feature/Console/Commands/RequestMakeCommand/CrudTest.php" line="41" class="Tests\Feature\Playground\Make\Controller\Console\Commands\RequestMakeCommand\CrudTest" classname="Tests.Feature.Playground.Make.Controller.Console.Commands.RequestMakeCommand.CrudTest" assertions="1" time="0.030704"/>
        <testcase name="test_command_make_index_request_with_force_and_with_skeleton" file="/app/tests/Feature/Console/Commands/RequestMakeCommand/CrudTest.php" line="52" class="Tests\Feature\Playground\Make\Controller\Console\Commands\RequestMakeCommand\CrudTest" classname="Tests.Feature.Playground.Make.Controller.Console.Commands.RequestMakeCommand.CrudTest" assertions="1" time="0.030896"/>
        <testcase name="test_command_make_store_request_with_force_and_without_skeleton" file="/app/tests/Feature/Console/Commands/RequestMakeCommand/CrudTest.php" line="63" class="Tests\Feature\Playground\Make\Controller\Console\Commands\RequestMakeCommand\CrudTest" classname="Tests.Feature.Playground.Make.Controller.Console.Commands.RequestMakeCommand.CrudTest" assertions="1" time="0.031060"/>
        <testcase name="test_command_make_store_request_with_force_and_with_skeleton" file="/app/tests/Feature/Console/Commands/RequestMakeCommand/CrudTest.php" line="74" class="Tests\Feature\Playground\Make\Controller\Console\Commands\RequestMakeCommand\CrudTest" classname="Tests.Feature.Playground.Make.Controller.Console.Commands.RequestMakeCommand.CrudTest" assertions="1" time="0.031664"/>
        <testcase name="test_command_make_update_request_with_force_and_without_skeleton" file="/app/tests/Feature/Console/Commands/RequestMakeCommand/CrudTest.php" line="85" class="Tests\Feature\Playground\Make\Controller\Console\Commands\RequestMakeCommand\CrudTest" classname="Tests.Feature.Playground.Make.Controller.Console.Commands.RequestMakeCommand.CrudTest" assertions="1" time="0.031462"/>
        <testcase name="test_command_make_update_request_with_force_and_with_skeleton" file="/app/tests/Feature/Console/Commands/RequestMakeCommand/CrudTest.php" line="96" class="Tests\Feature\Playground\Make\Controller\Console\Commands\RequestMakeCommand\CrudTest" classname="Tests.Feature.Playground.Make.Controller.Console.Commands.RequestMakeCommand.CrudTest" assertions="1" time="0.033788"/>
        <testcase name="test_command_make_other_request_with_force_and_without_skeleton" file="/app/tests/Feature/Console/Commands/RequestMakeCommand/CrudTest.php" line="107" class="Tests\Feature\Playground\Make\Controller\Console\Commands\RequestMakeCommand\CrudTest" classname="Tests.Feature.Playground.Make.Controller.Console.Commands.RequestMakeCommand.CrudTest" assertions="1" time="0.033622"/>
        <testcase name="test_command_make_other_request_with_force_and_with_skeleton" file="/app/tests/Feature/Console/Commands/RequestMakeCommand/CrudTest.php" line="118" class="Tests\Feature\Playground\Make\Controller\Console\Commands\RequestMakeCommand\CrudTest" classname="Tests.Feature.Playground.Make.Controller.Console.Commands.RequestMakeCommand.CrudTest" assertions="1" time="0.034467"/>
        <testcase name="test_command_make_default_request_with_force_and_without_skeleton" file="/app/tests/Feature/Console/Commands/RequestMakeCommand/CrudTest.php" line="129" class="Tests\Feature\Playground\Make\Controller\Console\Commands\RequestMakeCommand\CrudTest" classname="Tests.Feature.Playground.Make.Controller.Console.Commands.RequestMakeCommand.CrudTest" assertions="1" time="0.033526"/>
        <testcase name="test_command_make_default_request_with_force_and_with_skeleton" file="/app/tests/Feature/Console/Commands/RequestMakeCommand/CrudTest.php" line="140" class="Tests\Feature\Playground\Make\Controller\Console\Commands\RequestMakeCommand\CrudTest" classname="Tests.Feature.Playground.Make.Controller.Console.Commands.RequestMakeCommand.CrudTest" assertions="1" time="0.033799"/>
      </testsuite>
      <testsuite name="Tests\Feature\Playground\Make\Controller\Console\Commands\RequestMakeCommand\FileTest" file="/app/tests/Feature/Console/Commands/RequestMakeCommand/FileTest.php" tests="2" assertions="6" errors="0" failures="0" skipped="0" time="0.066410">
        <testcase name="test_command_make_request_with_force_and_without_skeleton" file="/app/tests/Feature/Console/Commands/RequestMakeCommand/FileTest.php" line="20" class="Tests\Feature\Playground\Make\Controller\Console\Commands\RequestMakeCommand\FileTest" classname="Tests.Feature.Playground.Make.Controller.Console.Commands.RequestMakeCommand.FileTest" assertions="3" time="0.034271"/>
        <testcase name="test_command_make_request_with_force_and_with_skeleton" file="/app/tests/Feature/Console/Commands/RequestMakeCommand/FileTest.php" line="39" class="Tests\Feature\Playground\Make\Controller\Console\Commands\RequestMakeCommand\FileTest" classname="Tests.Feature.Playground.Make.Controller.Console.Commands.RequestMakeCommand.FileTest" assertions="3" time="0.032139"/>
      </testsuite>
      <testsuite name="Tests\Feature\Playground\Make\Controller\Console\Commands\RequestMakeCommand\IndexTest" file="/app/tests/Feature/Console/Commands/RequestMakeCommand/IndexTest.php" tests="3" assertions="3" errors="0" failures="0" skipped="0" time="0.092978">
        <testcase name="test_command_make_FormRequest" file="/app/tests/Feature/Console/Commands/RequestMakeCommand/IndexTest.php" line="19" class="Tests\Feature\Playground\Make\Controller\Console\Commands\RequestMakeCommand\IndexTest" classname="Tests.Feature.Playground.Make.Controller.Console.Commands.RequestMakeCommand.IndexTest" assertions="1" time="0.031005"/>
        <testcase name="test_command_make_AbstractIndexRequest" file="/app/tests/Feature/Console/Commands/RequestMakeCommand/IndexTest.php" line="30" class="Tests\Feature\Playground\Make\Controller\Console\Commands\RequestMakeCommand\IndexTest" classname="Tests.Feature.Playground.Make.Controller.Console.Commands.RequestMakeCommand.IndexTest" assertions="1" time="0.031117"/>
        <testcase name="test_command_make_AbstractStoreRequest" file="/app/tests/Feature/Console/Commands/RequestMakeCommand/IndexTest.php" line="41" class="Tests\Feature\Playground\Make\Controller\Console\Commands\RequestMakeCommand\IndexTest" classname="Tests.Feature.Playground.Make.Controller.Console.Commands.RequestMakeCommand.IndexTest" assertions="1" time="0.030856"/>
      </testsuite>
      <testsuite name="Tests\Feature\Playground\Make\Controller\Console\Commands\RequestMakeCommand\ModelTest" file="/app/tests/Feature/Console/Commands/RequestMakeCommand/ModelTest.php" tests="4" assertions="4" errors="0" failures="0" skipped="0" time="0.149252">
        <testcase name="test_command_make_CreateRequest_with_force_and_without_skeleton" file="/app/tests/Feature/Console/Commands/RequestMakeCommand/ModelTest.php" line="19" class="Tests\Feature\Playground\Make\Controller\Console\Commands\RequestMakeCommand\ModelTest" classname="Tests.Feature.Playground.Make.Controller.Console.Commands.RequestMakeCommand.ModelTest" assertions="1" time="0.043163"/>
        <testcase name="test_command_make_IndexRequest_with_force_and_with_skeleton" file="/app/tests/Feature/Console/Commands/RequestMakeCommand/ModelTest.php" line="30" class="Tests\Feature\Playground\Make\Controller\Console\Commands\RequestMakeCommand\ModelTest" classname="Tests.Feature.Playground.Make.Controller.Console.Commands.RequestMakeCommand.ModelTest" assertions="1" time="0.042478"/>
        <testcase name="test_command_make_IndexRequest_with_force_and_with_skeleton_without_model_file" file="/app/tests/Feature/Console/Commands/RequestMakeCommand/ModelTest.php" line="41" class="Tests\Feature\Playground\Make\Controller\Console\Commands\RequestMakeCommand\ModelTest" classname="Tests.Feature.Playground.Make.Controller.Console.Commands.RequestMakeCommand.ModelTest" assertions="1" time="0.032140"/>
        <testcase name="test_command_make_IndexRequest_under_Subfolder_with_force_and_with_skeleton_without_model_file" file="/app/tests/Feature/Console/Commands/RequestMakeCommand/ModelTest.php" line="52" class="Tests\Feature\Playground\Make\Controller\Console\Commands\RequestMakeCommand\ModelTest" classname="Tests.Feature.Playground.Make.Controller.Console.Commands.RequestMakeCommand.ModelTest" assertions="1" time="0.031471"/>
      </testsuite>
      <testsuite name="Tests\Feature\Playground\Make\Controller\Console\Commands\ResourceMakeCommand\AbstractTest" file="/app/tests/Feature/Console/Commands/ResourceMakeCommand/AbstractTest.php" tests="4" assertions="4" errors="0" failures="0" skipped="0" time="0.119358">
        <testcase name="test_command_make_abstract_resource_with_force_and_without_skeleton" file="/app/tests/Feature/Console/Commands/ResourceMakeCommand/AbstractTest.php" line="19" class="Tests\Feature\Playground\Make\Controller\Console\Commands\ResourceMakeCommand\AbstractTest" classname="Tests.Feature.Playground.Make.Controller.Console.Commands.ResourceMakeCommand.AbstractTest" assertions="1" time="0.028845"/>
        <testcase name="test_command_make_abstract_resource_with_force_and_with_skeleton" file="/app/tests/Feature/Console/Commands/ResourceMakeCommand/AbstractTest.php" line="30" class="Tests\Feature\Playground\Make\Controller\Console\Commands\ResourceMakeCommand\AbstractTest" classname="Tests.Feature.Playground.Make.Controller.Console.Commands.ResourceMakeCommand.AbstractTest" assertions="1" time="0.029409"/>
        <testcase name="test_command_make_abstract_keys_resource_with_force_and_without_skeleton" file="/app/tests/Feature/Console/Commands/ResourceMakeCommand/AbstractTest.php" line="41" class="Tests\Feature\Playground\Make\Controller\Console\Commands\ResourceMakeCommand\AbstractTest" classname="Tests.Feature.Playground.Make.Controller.Console.Commands.ResourceMakeCommand.AbstractTest" assertions="1" time="0.029483"/>
        <testcase name="test_command_make_abstract_keys_resource_with_force_and_with_skeleton" file="/app/tests/Feature/Console/Commands/ResourceMakeCommand/AbstractTest.php" line="52" class="Tests\Feature\Playground\Make\Controller\Console\Commands\ResourceMakeCommand\AbstractTest" classname="Tests.Feature.Playground.Make.Controller.Console.Commands.ResourceMakeCommand.AbstractTest" assertions="1" time="0.031621"/>
      </testsuite>
      <testsuite name="Tests\Feature\Playground\Make\Controller\Console\Commands\ResourceMakeCommand\CollectionTest" file="/app/tests/Feature/Console/Commands/ResourceMakeCommand/CollectionTest.php" tests="5" assertions="5" errors="0" failures="0" skipped="0" time="0.155027">
        <testcase name="test_command_make_resource_with_force_and_without_skeleton" file="/app/tests/Feature/Console/Commands/ResourceMakeCommand/CollectionTest.php" line="19" class="Tests\Feature\Playground\Make\Controller\Console\Commands\ResourceMakeCommand\CollectionTest" classname="Tests.Feature.Playground.Make.Controller.Console.Commands.ResourceMakeCommand.CollectionTest" assertions="1" time="0.028769"/>
        <testcase name="test_command_make_collection_resource_with_force_and_with_skeleton" file="/app/tests/Feature/Console/Commands/ResourceMakeCommand/CollectionTest.php" line="30" class="Tests\Feature\Playground\Make\Controller\Console\Commands\ResourceMakeCommand\CollectionTest" classname="Tests.Feature.Playground.Make.Controller.Console.Commands.ResourceMakeCommand.CollectionTest" assertions="1" time="0.032972"/>
        <testcase name="test_command_make_named_collection_resource_with_force_and_with_skeleton" file="/app/tests/Feature/Console/Commands/ResourceMakeCommand/CollectionTest.php" line="41" class="Tests\Feature\Playground\Make\Controller\Console\Commands\ResourceMakeCommand\CollectionTest" classname="Tests.Feature.Playground.Make.Controller.Console.Commands.ResourceMakeCommand.CollectionTest" assertions="1" time="0.031209"/>
        <testcase name="test_command_make_named_collection_resource_with_option_with_force_and_with_skeleton" file="/app/tests/Feature/Console/Commands/ResourceMakeCommand/CollectionTest.php" line="52" class="Tests\Feature\Playground\Make\Controller\Console\Commands\ResourceMakeCommand\CollectionTest" classname="Tests.Feature.Playground.Make.Controller.Console.Commands.ResourceMakeCommand.CollectionTest" assertions="1" time="0.029751"/>
        <testcase name="test_command_make_collection_resource_with_option_with_force_and_with_skeleton" file="/app/tests/Feature/Console/Commands/ResourceMakeCommand/CollectionTest.php" line="63" class="Tests\Feature\Playground\Make\Controller\Console\Commands\ResourceMakeCommand\CollectionTest" classname="Tests.Feature.Playground.Make.Controller.Console.Commands.ResourceMakeCommand.CollectionTest" assertions="1" time="0.032326"/>
      </testsuite>
      <testsuite name="Tests\Feature\Playground\Make\Controller\Console\Commands\ResourceMakeCommand\CommandTest" file="/app/tests/Feature/Console/Commands/ResourceMakeCommand/CommandTest.php" tests="2" assertions="3" errors="0" failures="0" skipped="0" time="0.059008">
        <testcase name="test_command_without_options_or_arguments" file="/app/tests/Feature/Console/Commands/ResourceMakeCommand/CommandTest.php" line="19" class="Tests\Feature\Playground\Make\Controller\Console\Commands\ResourceMakeCommand\CommandTest" classname="Tests.Feature.Playground.Make.Controller.Console.Commands.ResourceMakeCommand.CommandTest" assertions="2" time="0.029123"/>
        <testcase name="test_command_skeleton" file="/app/tests/Feature/Console/Commands/ResourceMakeCommand/CommandTest.php" line="29" class="Tests\Feature\Playground\Make\Controller\Console\Commands\ResourceMakeCommand\CommandTest" classname="Tests.Feature.Playground.Make.Controller.Console.Commands.ResourceMakeCommand.CommandTest" assertions="1" time="0.029885"/>
      </testsuite>
      <testsuite name="Tests\Feature\Playground\Make\Controller\Console\Commands\ResourceMakeCommand\KeysTest" file="/app/tests/Feature/Console/Commands/ResourceMakeCommand/KeysTest.php" tests="2" assertions="2" errors="0" failures="0" skipped="0" time="0.059564">
        <testcase name="test_command_make_keys_resource_with_force_and_without_skeleton" file="/app/tests/Feature/Console/Commands/ResourceMakeCommand/KeysTest.php" line="19" class="Tests\Feature\Playground\Make\Controller\Console\Commands\ResourceMakeCommand\KeysTest" classname="Tests.Feature.Playground.Make.Controller.Console.Commands.ResourceMakeCommand.KeysTest" assertions="1" time="0.030158"/>
        <testcase name="test_command_make_keys_resource_with_force_and_with_skeleton" file="/app/tests/Feature/Console/Commands/ResourceMakeCommand/KeysTest.php" line="30" class="Tests\Feature\Playground\Make\Controller\Console\Commands\ResourceMakeCommand\KeysTest" classname="Tests.Feature.Playground.Make.Controller.Console.Commands.ResourceMakeCommand.KeysTest" assertions="1" time="0.029406"/>
      </testsuite>
      <testsuite name="Tests\Feature\Playground\Make\Controller\Console\Commands\ResourceMakeCommand\StubTest" file="/app/tests/Feature/Console/Commands/ResourceMakeCommand/StubTest.php" tests="2" assertions="4" errors="0" failures="0" skipped="0" time="0.063005">
        <testcase name="test_command_with_invalid_stubs_path_in_the_config" file="/app/tests/Feature/Console/Commands/ResourceMakeCommand/StubTest.php" line="21" class="Tests\Feature\Playground\Make\Controller\Console\Commands\ResourceMakeCommand\StubTest" classname="Tests.Feature.Playground.Make.Controller.Console.Commands.ResourceMakeCommand.StubTest" assertions="2" time="0.030605"/>
        <testcase name="test_command_with_invalid_path_to_stub_in_the_config" file="/app/tests/Feature/Console/Commands/ResourceMakeCommand/StubTest.php" line="43" class="Tests\Feature\Playground\Make\Controller\Console\Commands\ResourceMakeCommand\StubTest" classname="Tests.Feature.Playground.Make.Controller.Console.Commands.ResourceMakeCommand.StubTest" assertions="2" time="0.032400"/>
      </testsuite>
      <testsuite name="Tests\Feature\Playground\Make\Controller\Console\Commands\RouteMakeCommand\ApiTest" file="/app/tests/Feature/Console/Commands/RouteMakeCommand/ApiTest.php" tests="3" assertions="4" errors="0" failures="0" skipped="0" time="0.101898">
        <testcase name="test_command_make_playground_api_route_with_force_and_without_skeleton" file="/app/tests/Feature/Console/Commands/RouteMakeCommand/ApiTest.php" line="19" class="Tests\Feature\Playground\Make\Controller\Console\Commands\RouteMakeCommand\ApiTest" classname="Tests.Feature.Playground.Make.Controller.Console.Commands.RouteMakeCommand.ApiTest" assertions="1" time="0.036492"/>
        <testcase name="test_command_make_api_route_with_force_and_with_skeleton" file="/app/tests/Feature/Console/Commands/RouteMakeCommand/ApiTest.php" line="33" class="Tests\Feature\Playground\Make\Controller\Console\Commands\RouteMakeCommand\ApiTest" classname="Tests.Feature.Playground.Make.Controller.Console.Commands.RouteMakeCommand.ApiTest" assertions="1" time="0.036637"/>
        <testcase name="test_command_make_api_route_without_model_file" file="/app/tests/Feature/Console/Commands/RouteMakeCommand/ApiTest.php" line="47" class="Tests\Feature\Playground\Make\Controller\Console\Commands\RouteMakeCommand\ApiTest" classname="Tests.Feature.Playground.Make.Controller.Console.Commands.RouteMakeCommand.ApiTest" assertions="2" time="0.028770"/>
      </testsuite>
      <testsuite name="Tests\Feature\Playground\Make\Controller\Console\Commands\RouteMakeCommand\CommandTest" file="/app/tests/Feature/Console/Commands/RouteMakeCommand/CommandTest.php" tests="3" assertions="4" errors="0" failures="0" skipped="0" time="0.091044">
        <testcase name="test_command_without_options_or_arguments" file="/app/tests/Feature/Console/Commands/RouteMakeCommand/CommandTest.php" line="19" class="Tests\Feature\Playground\Make\Controller\Console\Commands\RouteMakeCommand\CommandTest" classname="Tests.Feature.Playground.Make.Controller.Console.Commands.RouteMakeCommand.CommandTest" assertions="2" time="0.029596"/>
        <testcase name="test_command_skeleton" file="/app/tests/Feature/Console/Commands/RouteMakeCommand/CommandTest.php" line="29" class="Tests\Feature\Playground\Make\Controller\Console\Commands\RouteMakeCommand\CommandTest" classname="Tests.Feature.Playground.Make.Controller.Console.Commands.RouteMakeCommand.CommandTest" assertions="1" time="0.030911"/>
        <testcase name="test_command_with_options" file="/app/tests/Feature/Console/Commands/RouteMakeCommand/CommandTest.php" line="38" class="Tests\Feature\Playground\Make\Controller\Console\Commands\RouteMakeCommand\CommandTest" classname="Tests.Feature.Playground.Make.Controller.Console.Commands.RouteMakeCommand.CommandTest" assertions="1" time="0.030537"/>
      </testsuite>
      <testsuite name="Tests\Feature\Playground\Make\Controller\Console\Commands\RouteMakeCommand\FileTest" file="/app/tests/Feature/Console/Commands/RouteMakeCommand/FileTest.php" tests="2" assertions="2" errors="0" failures="0" skipped="0" time="0.068674">
        <testcase name="test_command_make_route_with_force_and_without_skeleton" file="/app/tests/Feature/Console/Commands/RouteMakeCommand/FileTest.php" line="19" class="Tests\Feature\Playground\Make\Controller\Console\Commands\RouteMakeCommand\FileTest" classname="Tests.Feature.Playground.Make.Controller.Console.Commands.RouteMakeCommand.FileTest" assertions="1" time="0.032754"/>
        <testcase name="test_command_make_route_with_force_and_with_skeleton" file="/app/tests/Feature/Console/Commands/RouteMakeCommand/FileTest.php" line="33" class="Tests\Feature\Playground\Make\Controller\Console\Commands\RouteMakeCommand\FileTest" classname="Tests.Feature.Playground.Make.Controller.Console.Commands.RouteMakeCommand.FileTest" assertions="1" time="0.035920"/>
      </testsuite>
      <testsuite name="Tests\Feature\Playground\Make\Controller\Console\Commands\RouteMakeCommand\ResourceTest" file="/app/tests/Feature/Console/Commands/RouteMakeCommand/ResourceTest.php" tests="6" assertions="7" errors="0" failures="0" skipped="0" time="0.228110">
        <testcase name="test_command_make_playground_resource_route_with_force_and_without_skeleton" file="/app/tests/Feature/Console/Commands/RouteMakeCommand/ResourceTest.php" line="19" class="Tests\Feature\Playground\Make\Controller\Console\Commands\RouteMakeCommand\ResourceTest" classname="Tests.Feature.Playground.Make.Controller.Console.Commands.RouteMakeCommand.ResourceTest" assertions="1" time="0.038574"/>
        <testcase name="test_command_make_resource_route_with_force_and_with_skeleton" file="/app/tests/Feature/Console/Commands/RouteMakeCommand/ResourceTest.php" line="33" class="Tests\Feature\Playground\Make\Controller\Console\Commands\RouteMakeCommand\ResourceTest" classname="Tests.Feature.Playground.Make.Controller.Console.Commands.RouteMakeCommand.ResourceTest" assertions="1" time="0.044294"/>
        <testcase name="test_command_make_resource_route_without_model_file" file="/app/tests/Feature/Console/Commands/RouteMakeCommand/ResourceTest.php" line="47" class="Tests\Feature\Playground\Make\Controller\Console\Commands\RouteMakeCommand\ResourceTest" classname="Tests.Feature.Playground.Make.Controller.Console.Commands.RouteMakeCommand.ResourceTest" assertions="2" time="0.032852"/>
        <testcase name="test_command_make_playground_resource_index_route_with_force_and_without_skeleton" file="/app/tests/Feature/Console/Commands/RouteMakeCommand/ResourceTest.php" line="57" class="Tests\Feature\Playground\Make\Controller\Console\Commands\RouteMakeCommand\ResourceTest" classname="Tests.Feature.Playground.Make.Controller.Console.Commands.RouteMakeCommand.ResourceTest" assertions="1" time="0.040136"/>
        <testcase name="test_command_make_resource_index_route_with_force_and_with_skeleton" file="/app/tests/Feature/Console/Commands/RouteMakeCommand/ResourceTest.php" line="71" class="Tests\Feature\Playground\Make\Controller\Console\Commands\RouteMakeCommand\ResourceTest" classname="Tests.Feature.Playground.Make.Controller.Console.Commands.RouteMakeCommand.ResourceTest" assertions="1" time="0.039772"/>
        <testcase name="test_command_make_resource_index_route_without_model_file" file="/app/tests/Feature/Console/Commands/RouteMakeCommand/ResourceTest.php" line="85" class="Tests\Feature\Playground\Make\Controller\Console\Commands\RouteMakeCommand\ResourceTest" classname="Tests.Feature.Playground.Make.Controller.Console.Commands.RouteMakeCommand.ResourceTest" assertions="1" time="0.032483"/>
      </testsuite>
    </testsuite>
  </testsuite>
</testsuites>
