<?xml version="1.0" encoding="UTF-8"?>
<testsuites>
  <testsuite name="/app/phpunit-ci.xml" tests="97" assertions="222" errors="0" failures="0" skipped="0" time="4.116137">
    <testsuite name="Unit" tests="22" assertions="132" errors="0" failures="0" skipped="0" time="0.796167">
      <testsuite name="Tests\Unit\Playground\Make\Controller\Configuration\Controller\InstanceTest" file="/app/tests/Unit/Configuration/Controller/InstanceTest.php" tests="5" assertions="32" errors="0" failures="0" skipped="0" time="0.353994">
        <testcase name="test_instance" file="/app/tests/Unit/Configuration/Controller/InstanceTest.php" line="19" class="Tests\Unit\Playground\Make\Controller\Configuration\Controller\InstanceTest" classname="Tests.Unit.Playground.Make.Controller.Configuration.Controller.InstanceTest" assertions="1" time="0.254621"/>
        <testcase name="test_instance_apply_without_options" file="/app/tests/Unit/Configuration/Controller/InstanceTest.php" line="69" class="Tests\Unit\Playground\Make\Controller\Configuration\Controller\InstanceTest" classname="Tests.Unit.Playground.Make.Controller.Configuration.Controller.InstanceTest" assertions="4" time="0.025302"/>
        <testcase name="test_folder_is_empty_by_default" file="/app/tests/Unit/Configuration/Controller/InstanceTest.php" line="86" class="Tests\Unit\Playground\Make\Controller\Configuration\Controller\InstanceTest" classname="Tests.Unit.Playground.Make.Controller.Configuration.Controller.InstanceTest" assertions="3" time="0.023575"/>
        <testcase name="test_resource_controller_with_file_and_skeleton" file="/app/tests/Unit/Configuration/Controller/InstanceTest.php" line="96" class="Tests\Unit\Playground\Make\Controller\Configuration\Controller\InstanceTest" classname="Tests.Unit.Playground.Make.Controller.Configuration.Controller.InstanceTest" assertions="12" time="0.024219"/>
        <testcase name="test_api_controller_with_file_and_skeleton" file="/app/tests/Unit/Configuration/Controller/InstanceTest.php" line="148" class="Tests\Unit\Playground\Make\Controller\Configuration\Controller\InstanceTest" classname="Tests.Unit.Playground.Make.Controller.Configuration.Controller.InstanceTest" assertions="12" time="0.026277"/>
      </testsuite>
      <testsuite name="Tests\Unit\Playground\Make\Controller\Configuration\Policy\InstanceTest" file="/app/tests/Unit/Configuration/Policy/InstanceTest.php" tests="4" assertions="23" errors="0" failures="0" skipped="0" time="0.105674">
        <testcase name="test_instance" file="/app/tests/Unit/Configuration/Policy/InstanceTest.php" line="19" class="Tests\Unit\Playground\Make\Controller\Configuration\Policy\InstanceTest" classname="Tests.Unit.Playground.Make.Controller.Configuration.Policy.InstanceTest" assertions="1" time="0.034287"/>
        <testcase name="test_instance_apply_without_options" file="/app/tests/Unit/Configuration/Policy/InstanceTest.php" line="49" class="Tests\Unit\Playground\Make\Controller\Configuration\Policy\InstanceTest" classname="Tests.Unit.Playground.Make.Controller.Configuration.Policy.InstanceTest" assertions="4" time="0.023752"/>
        <testcase name="test_folder_is_empty_by_default" file="/app/tests/Unit/Configuration/Policy/InstanceTest.php" line="66" class="Tests\Unit\Playground\Make\Controller\Configuration\Policy\InstanceTest" classname="Tests.Unit.Playground.Make.Controller.Configuration.Policy.InstanceTest" assertions="3" time="0.023579"/>
        <testcase name="test_test_with_file_and_skeleton" file="/app/tests/Unit/Configuration/Policy/InstanceTest.php" line="76" class="Tests\Unit\Playground\Make\Controller\Configuration\Policy\InstanceTest" classname="Tests.Unit.Playground.Make.Controller.Configuration.Policy.InstanceTest" assertions="15" time="0.024055"/>
      </testsuite>
      <testsuite name="Tests\Unit\Playground\Make\Controller\Configuration\Request\InstanceTest" file="/app/tests/Unit/Configuration/Request/InstanceTest.php" tests="4" assertions="19" errors="0" failures="0" skipped="0" time="0.103070">
        <testcase name="test_instance" file="/app/tests/Unit/Configuration/Request/InstanceTest.php" line="19" class="Tests\Unit\Playground\Make\Controller\Configuration\Request\InstanceTest" classname="Tests.Unit.Playground.Make.Controller.Configuration.Request.InstanceTest" assertions="1" time="0.033581"/>
        <testcase name="test_instance_apply_without_options" file="/app/tests/Unit/Configuration/Request/InstanceTest.php" line="53" class="Tests\Unit\Playground\Make\Controller\Configuration\Request\InstanceTest" classname="Tests.Unit.Playground.Make.Controller.Configuration.Request.InstanceTest" assertions="4" time="0.022800"/>
        <testcase name="test_folder_is_empty_by_default" file="/app/tests/Unit/Configuration/Request/InstanceTest.php" line="70" class="Tests\Unit\Playground\Make\Controller\Configuration\Request\InstanceTest" classname="Tests.Unit.Playground.Make.Controller.Configuration.Request.InstanceTest" assertions="3" time="0.023100"/>
        <testcase name="test_test_with_file_and_skeleton" file="/app/tests/Unit/Configuration/Request/InstanceTest.php" line="80" class="Tests\Unit\Playground\Make\Controller\Configuration\Request\InstanceTest" classname="Tests.Unit.Playground.Make.Controller.Configuration.Request.InstanceTest" assertions="11" time="0.023589"/>
      </testsuite>
      <testsuite name="Tests\Unit\Playground\Make\Controller\Configuration\Resource\InstanceTest" file="/app/tests/Unit/Configuration/Resource/InstanceTest.php" tests="5" assertions="28" errors="0" failures="0" skipped="0" time="0.123310">
        <testcase name="test_instance" file="/app/tests/Unit/Configuration/Resource/InstanceTest.php" line="19" class="Tests\Unit\Playground\Make\Controller\Configuration\Resource\InstanceTest" classname="Tests.Unit.Playground.Make.Controller.Configuration.Resource.InstanceTest" assertions="1" time="0.028864"/>
        <testcase name="test_instance_apply_without_options" file="/app/tests/Unit/Configuration/Resource/InstanceTest.php" line="48" class="Tests\Unit\Playground\Make\Controller\Configuration\Resource\InstanceTest" classname="Tests.Unit.Playground.Make.Controller.Configuration.Resource.InstanceTest" assertions="4" time="0.023447"/>
        <testcase name="test_folder_is_empty_by_default" file="/app/tests/Unit/Configuration/Resource/InstanceTest.php" line="65" class="Tests\Unit\Playground\Make\Controller\Configuration\Resource\InstanceTest" classname="Tests.Unit.Playground.Make.Controller.Configuration.Resource.InstanceTest" assertions="3" time="0.023898"/>
        <testcase name="test_with_file_and_skeleton" file="/app/tests/Unit/Configuration/Resource/InstanceTest.php" line="75" class="Tests\Unit\Playground\Make\Controller\Configuration\Resource\InstanceTest" classname="Tests.Unit.Playground.Make.Controller.Configuration.Resource.InstanceTest" assertions="10" time="0.023626"/>
        <testcase name="test_with_file_and_skeleton_as_collection" file="/app/tests/Unit/Configuration/Resource/InstanceTest.php" line="108" class="Tests\Unit\Playground\Make\Controller\Configuration\Resource\InstanceTest" classname="Tests.Unit.Playground.Make.Controller.Configuration.Resource.InstanceTest" assertions="10" time="0.023473"/>
      </testsuite>
      <testsuite name="Tests\Unit\Playground\Make\Controller\Configuration\Route\InstanceTest" file="/app/tests/Unit/Configuration/Route/InstanceTest.php" tests="4" assertions="30" errors="0" failures="0" skipped="0" time="0.110119">
        <testcase name="test_instance" file="/app/tests/Unit/Configuration/Route/InstanceTest.php" line="19" class="Tests\Unit\Playground\Make\Controller\Configuration\Route\InstanceTest" classname="Tests.Unit.Playground.Make.Controller.Configuration.Route.InstanceTest" assertions="1" time="0.040029"/>
        <testcase name="test_instance_apply_without_options" file="/app/tests/Unit/Configuration/Route/InstanceTest.php" line="56" class="Tests\Unit\Playground\Make\Controller\Configuration\Route\InstanceTest" classname="Tests.Unit.Playground.Make.Controller.Configuration.Route.InstanceTest" assertions="4" time="0.023150"/>
        <testcase name="test_folder_is_empty_by_default" file="/app/tests/Unit/Configuration/Route/InstanceTest.php" line="73" class="Tests\Unit\Playground\Make\Controller\Configuration\Route\InstanceTest" classname="Tests.Unit.Playground.Make.Controller.Configuration.Route.InstanceTest" assertions="3" time="0.023156"/>
        <testcase name="test_with_file_and_skeleton" file="/app/tests/Unit/Configuration/Route/InstanceTest.php" line="83" class="Tests\Unit\Playground\Make\Controller\Configuration\Route\InstanceTest" classname="Tests.Unit.Playground.Make.Controller.Configuration.Route.InstanceTest" assertions="22" time="0.023784"/>
      </testsuite>
    </testsuite>
    <testsuite name="Feature" tests="75" assertions="90" errors="0" failures="0" skipped="0" time="3.319970">
      <testsuite name="Tests\Feature\Playground\Make\Controller\Console\Commands\About\CommandTest" file="/app/tests/Feature/Console/Commands/About/CommandTest.php" tests="1" assertions="2" errors="0" failures="0" skipped="0" time="0.661809">
        <testcase name="test_command_about_displays_package_information_and_succeed_with_code_0" file="/app/tests/Feature/Console/Commands/About/CommandTest.php" line="27" class="Tests\Feature\Playground\Make\Controller\Console\Commands\About\CommandTest" classname="Tests.Feature.Playground.Make.Controller.Console.Commands.About.CommandTest" assertions="2" time="0.661809"/>
      </testsuite>
      <testsuite name="Tests\Feature\Playground\Make\Controller\Console\Commands\ControllerMakeCommand\CommandTest" file="/app/tests/Feature/Console/Commands/ControllerMakeCommand/CommandTest.php" tests="2" assertions="3" errors="0" failures="0" skipped="0" time="0.094032">
        <testcase name="test_command_without_options_or_arguments" file="/app/tests/Feature/Console/Commands/ControllerMakeCommand/CommandTest.php" line="20" class="Tests\Feature\Playground\Make\Controller\Console\Commands\ControllerMakeCommand\CommandTest" classname="Tests.Feature.Playground.Make.Controller.Console.Commands.ControllerMakeCommand.CommandTest" assertions="2" time="0.059069"/>
        <testcase name="test_command_skeleton" file="/app/tests/Feature/Console/Commands/ControllerMakeCommand/CommandTest.php" line="30" class="Tests\Feature\Playground\Make\Controller\Console\Commands\ControllerMakeCommand\CommandTest" classname="Tests.Feature.Playground.Make.Controller.Console.Commands.ControllerMakeCommand.CommandTest" assertions="1" time="0.034963"/>
      </testsuite>
      <testsuite name="Tests\Feature\Playground\Make\Controller\Console\Commands\ControllerMakeCommand\FileTest" file="/app/tests/Feature/Console/Commands/ControllerMakeCommand/FileTest.php" tests="2" assertions="2" errors="0" failures="0" skipped="0" time="0.319350">
        <testcase name="test_command_make_controller_with_force_and_without_skeleton" file="/app/tests/Feature/Console/Commands/ControllerMakeCommand/FileTest.php" line="20" class="Tests\Feature\Playground\Make\Controller\Console\Commands\ControllerMakeCommand\FileTest" classname="Tests.Feature.Playground.Make.Controller.Console.Commands.ControllerMakeCommand.FileTest" assertions="1" time="0.054201"/>
        <testcase name="test_command_make_controller_with_force_and_with_skeleton" file="/app/tests/Feature/Console/Commands/ControllerMakeCommand/FileTest.php" line="34" class="Tests\Feature\Playground\Make\Controller\Console\Commands\ControllerMakeCommand\FileTest" classname="Tests.Feature.Playground.Make.Controller.Console.Commands.ControllerMakeCommand.FileTest" assertions="1" time="0.265149"/>
      </testsuite>
      <testsuite name="Tests\Feature\Playground\Make\Controller\Console\Commands\PolicyMakeCommand\CommandTest" file="/app/tests/Feature/Console/Commands/PolicyMakeCommand/CommandTest.php" tests="10" assertions="12" errors="0" failures="0" skipped="0" time="0.311555">
        <testcase name="test_command_without_options_or_arguments" file="/app/tests/Feature/Console/Commands/PolicyMakeCommand/CommandTest.php" line="19" class="Tests\Feature\Playground\Make\Controller\Console\Commands\PolicyMakeCommand\CommandTest" classname="Tests.Feature.Playground.Make.Controller.Console.Commands.PolicyMakeCommand.CommandTest" assertions="2" time="0.029803"/>
        <testcase name="test_command_skeleton" file="/app/tests/Feature/Console/Commands/PolicyMakeCommand/CommandTest.php" line="29" class="Tests\Feature\Playground\Make\Controller\Console\Commands\PolicyMakeCommand\CommandTest" classname="Tests.Feature.Playground.Make.Controller.Console.Commands.PolicyMakeCommand.CommandTest" assertions="1" time="0.030888"/>
        <testcase name="test_command_skeleton_with_roles_action" file="/app/tests/Feature/Console/Commands/PolicyMakeCommand/CommandTest.php" line="38" class="Tests\Feature\Playground\Make\Controller\Console\Commands\PolicyMakeCommand\CommandTest" classname="Tests.Feature.Playground.Make.Controller.Console.Commands.PolicyMakeCommand.CommandTest" assertions="1" time="0.030544"/>
        <testcase name="test_command_skeleton_with_roles_view" file="/app/tests/Feature/Console/Commands/PolicyMakeCommand/CommandTest.php" line="47" class="Tests\Feature\Playground\Make\Controller\Console\Commands\PolicyMakeCommand\CommandTest" classname="Tests.Feature.Playground.Make.Controller.Console.Commands.PolicyMakeCommand.CommandTest" assertions="1" time="0.031826"/>
        <testcase name="test_command_skeleton_with_roles_and_action_view" file="/app/tests/Feature/Console/Commands/PolicyMakeCommand/CommandTest.php" line="56" class="Tests\Feature\Playground\Make\Controller\Console\Commands\PolicyMakeCommand\CommandTest" classname="Tests.Feature.Playground.Make.Controller.Console.Commands.PolicyMakeCommand.CommandTest" assertions="1" time="0.030790"/>
        <testcase name="test_command_userProviderModelGuard_with_invalid_guard" file="/app/tests/Feature/Console/Commands/PolicyMakeCommand/CommandTest.php" line="65" class="Tests\Feature\Playground\Make\Controller\Console\Commands\PolicyMakeCommand\CommandTest" classname="Tests.Feature.Playground.Make.Controller.Console.Commands.PolicyMakeCommand.CommandTest" assertions="2" time="0.028237"/>
        <testcase name="test_command_skeleton_with_type_playground_resource" file="/app/tests/Feature/Console/Commands/PolicyMakeCommand/CommandTest.php" line="79" class="Tests\Feature\Playground\Make\Controller\Console\Commands\PolicyMakeCommand\CommandTest" classname="Tests.Feature.Playground.Make.Controller.Console.Commands.PolicyMakeCommand.CommandTest" assertions="1" time="0.031185"/>
        <testcase name="test_command_skeleton_with_type_playground_api" file="/app/tests/Feature/Console/Commands/PolicyMakeCommand/CommandTest.php" line="88" class="Tests\Feature\Playground\Make\Controller\Console\Commands\PolicyMakeCommand\CommandTest" classname="Tests.Feature.Playground.Make.Controller.Console.Commands.PolicyMakeCommand.CommandTest" assertions="1" time="0.033363"/>
        <testcase name="test_command_skeleton_with_type_api" file="/app/tests/Feature/Console/Commands/PolicyMakeCommand/CommandTest.php" line="97" class="Tests\Feature\Playground\Make\Controller\Console\Commands\PolicyMakeCommand\CommandTest" classname="Tests.Feature.Playground.Make.Controller.Console.Commands.PolicyMakeCommand.CommandTest" assertions="1" time="0.032538"/>
        <testcase name="test_command_skeleton_with_type_resource" file="/app/tests/Feature/Console/Commands/PolicyMakeCommand/CommandTest.php" line="106" class="Tests\Feature\Playground\Make\Controller\Console\Commands\PolicyMakeCommand\CommandTest" classname="Tests.Feature.Playground.Make.Controller.Console.Commands.PolicyMakeCommand.CommandTest" assertions="1" time="0.032380"/>
      </testsuite>
      <testsuite name="Tests\Feature\Playground\Make\Controller\Console\Commands\PolicyMakeCommand\FileTest" file="/app/tests/Feature/Console/Commands/PolicyMakeCommand/FileTest.php" tests="2" assertions="2" errors="0" failures="0" skipped="0" time="0.067186">
        <testcase name="test_command_make_policy_with_force_and_without_skeleton" file="/app/tests/Feature/Console/Commands/PolicyMakeCommand/FileTest.php" line="19" class="Tests\Feature\Playground\Make\Controller\Console\Commands\PolicyMakeCommand\FileTest" classname="Tests.Feature.Playground.Make.Controller.Console.Commands.PolicyMakeCommand.FileTest" assertions="1" time="0.035778"/>
        <testcase name="test_command_make_policy_with_force_and_with_skeleton" file="/app/tests/Feature/Console/Commands/PolicyMakeCommand/FileTest.php" line="33" class="Tests\Feature\Playground\Make\Controller\Console\Commands\PolicyMakeCommand\FileTest" classname="Tests.Feature.Playground.Make.Controller.Console.Commands.PolicyMakeCommand.FileTest" assertions="1" time="0.031408"/>
      </testsuite>
      <testsuite name="Tests\Feature\Playground\Make\Controller\Console\Commands\RequestMakeCommand\AbstractTest" file="/app/tests/Feature/Console/Commands/RequestMakeCommand/AbstractTest.php" tests="6" assertions="6" errors="0" failures="0" skipped="0" time="0.188156">
        <testcase name="test_command_make_abstract_request_with_force_and_without_skeleton" file="/app/tests/Feature/Console/Commands/RequestMakeCommand/AbstractTest.php" line="19" class="Tests\Feature\Playground\Make\Controller\Console\Commands\RequestMakeCommand\AbstractTest" classname="Tests.Feature.Playground.Make.Controller.Console.Commands.RequestMakeCommand.AbstractTest" assertions="1" time="0.034001"/>
        <testcase name="test_command_make_abstract_request_with_force_and_with_skeleton" file="/app/tests/Feature/Console/Commands/RequestMakeCommand/AbstractTest.php" line="30" class="Tests\Feature\Playground\Make\Controller\Console\Commands\RequestMakeCommand\AbstractTest" classname="Tests.Feature.Playground.Make.Controller.Console.Commands.RequestMakeCommand.AbstractTest" assertions="1" time="0.030343"/>
        <testcase name="test_command_make_abstract_index_request_with_force_and_without_skeleton" file="/app/tests/Feature/Console/Commands/RequestMakeCommand/AbstractTest.php" line="41" class="Tests\Feature\Playground\Make\Controller\Console\Commands\RequestMakeCommand\AbstractTest" classname="Tests.Feature.Playground.Make.Controller.Console.Commands.RequestMakeCommand.AbstractTest" assertions="1" time="0.030565"/>
        <testcase name="test_command_make_abstract_index_request_with_force_and_with_skeleton" file="/app/tests/Feature/Console/Commands/RequestMakeCommand/AbstractTest.php" line="52" class="Tests\Feature\Playground\Make\Controller\Console\Commands\RequestMakeCommand\AbstractTest" classname="Tests.Feature.Playground.Make.Controller.Console.Commands.RequestMakeCommand.AbstractTest" assertions="1" time="0.031080"/>
        <testcase name="test_command_make_abstract_store_request_with_force_and_without_skeleton" file="/app/tests/Feature/Console/Commands/RequestMakeCommand/AbstractTest.php" line="63" class="Tests\Feature\Playground\Make\Controller\Console\Commands\RequestMakeCommand\AbstractTest" classname="Tests.Feature.Playground.Make.Controller.Console.Commands.RequestMakeCommand.AbstractTest" assertions="1" time="0.031027"/>
        <testcase name="test_command_make_abstract_store_request_with_force_and_with_skeleton" file="/app/tests/Feature/Console/Commands/RequestMakeCommand/AbstractTest.php" line="74" class="Tests\Feature\Playground\Make\Controller\Console\Commands\RequestMakeCommand\AbstractTest" classname="Tests.Feature.Playground.Make.Controller.Console.Commands.RequestMakeCommand.AbstractTest" assertions="1" time="0.031139"/>
      </testsuite>
      <testsuite name="Tests\Feature\Playground\Make\Controller\Console\Commands\RequestMakeCommand\CommandTest" file="/app/tests/Feature/Console/Commands/RequestMakeCommand/CommandTest.php" tests="2" assertions="3" errors="0" failures="0" skipped="0" time="0.059901">
        <testcase name="test_command_without_options_or_arguments" file="/app/tests/Feature/Console/Commands/RequestMakeCommand/CommandTest.php" line="19" class="Tests\Feature\Playground\Make\Controller\Console\Commands\RequestMakeCommand\CommandTest" classname="Tests.Feature.Playground.Make.Controller.Console.Commands.RequestMakeCommand.CommandTest" assertions="2" time="0.028534"/>
        <testcase name="test_command_skeleton" file="/app/tests/Feature/Console/Commands/RequestMakeCommand/CommandTest.php" line="29" class="Tests\Feature\Playground\Make\Controller\Console\Commands\RequestMakeCommand\CommandTest" classname="Tests.Feature.Playground.Make.Controller.Console.Commands.RequestMakeCommand.CommandTest" assertions="1" time="0.031368"/>
      </testsuite>
      <testsuite name="Tests\Feature\Playground\Make\Controller\Console\Commands\RequestMakeCommand\CrudTest" file="/app/tests/Feature/Console/Commands/RequestMakeCommand/CrudTest.php" tests="12" assertions="12" errors="0" failures="0" skipped="0" time="0.381365">
        <testcase name="test_command_make_destroy_request_with_force_and_without_skeleton" file="/app/tests/Feature/Console/Commands/RequestMakeCommand/CrudTest.php" line="19" class="Tests\Feature\Playground\Make\Controller\Console\Commands\RequestMakeCommand\CrudTest" classname="Tests.Feature.Playground.Make.Controller.Console.Commands.RequestMakeCommand.CrudTest" assertions="1" time="0.030901"/>
        <testcase name="test_command_make_destroy_request_with_force_and_with_skeleton" file="/app/tests/Feature/Console/Commands/RequestMakeCommand/CrudTest.php" line="30" class="Tests\Feature\Playground\Make\Controller\Console\Commands\RequestMakeCommand\CrudTest" classname="Tests.Feature.Playground.Make.Controller.Console.Commands.RequestMakeCommand.CrudTest" assertions="1" time="0.030942"/>
        <testcase name="test_command_make_index_request_with_force_and_without_skeleton" file="/app/tests/Feature/Console/Commands/RequestMakeCommand/CrudTest.php" line="41" class="Tests\Feature\Playground\Make\Controller\Console\Commands\RequestMakeCommand\CrudTest" classname="Tests.Feature.Playground.Make.Controller.Console.Commands.RequestMakeCommand.CrudTest" assertions="1" time="0.032332"/>
        <testcase name="test_command_make_index_request_with_force_and_with_skeleton" file="/app/tests/Feature/Console/Commands/RequestMakeCommand/CrudTest.php" line="52" class="Tests\Feature\Playground\Make\Controller\Console\Commands\RequestMakeCommand\CrudTest" classname="Tests.Feature.Playground.Make.Controller.Console.Commands.RequestMakeCommand.CrudTest" assertions="1" time="0.030479"/>
        <testcase name="test_command_make_store_request_with_force_and_without_skeleton" file="/app/tests/Feature/Console/Commands/RequestMakeCommand/CrudTest.php" line="63" class="Tests\Feature\Playground\Make\Controller\Console\Commands\RequestMakeCommand\CrudTest" classname="Tests.Feature.Playground.Make.Controller.Console.Commands.RequestMakeCommand.CrudTest" assertions="1" time="0.030394"/>
        <testcase name="test_command_make_store_request_with_force_and_with_skeleton" file="/app/tests/Feature/Console/Commands/RequestMakeCommand/CrudTest.php" line="74" class="Tests\Feature\Playground\Make\Controller\Console\Commands\RequestMakeCommand\CrudTest" classname="Tests.Feature.Playground.Make.Controller.Console.Commands.RequestMakeCommand.CrudTest" assertions="1" time="0.031538"/>
        <testcase name="test_command_make_update_request_with_force_and_without_skeleton" file="/app/tests/Feature/Console/Commands/RequestMakeCommand/CrudTest.php" line="85" class="Tests\Feature\Playground\Make\Controller\Console\Commands\RequestMakeCommand\CrudTest" classname="Tests.Feature.Playground.Make.Controller.Console.Commands.RequestMakeCommand.CrudTest" assertions="1" time="0.034647"/>
        <testcase name="test_command_make_update_request_with_force_and_with_skeleton" file="/app/tests/Feature/Console/Commands/RequestMakeCommand/CrudTest.php" line="96" class="Tests\Feature\Playground\Make\Controller\Console\Commands\RequestMakeCommand\CrudTest" classname="Tests.Feature.Playground.Make.Controller.Console.Commands.RequestMakeCommand.CrudTest" assertions="1" time="0.031712"/>
        <testcase name="test_command_make_other_request_with_force_and_without_skeleton" file="/app/tests/Feature/Console/Commands/RequestMakeCommand/CrudTest.php" line="107" class="Tests\Feature\Playground\Make\Controller\Console\Commands\RequestMakeCommand\CrudTest" classname="Tests.Feature.Playground.Make.Controller.Console.Commands.RequestMakeCommand.CrudTest" assertions="1" time="0.031220"/>
        <testcase name="test_command_make_other_request_with_force_and_with_skeleton" file="/app/tests/Feature/Console/Commands/RequestMakeCommand/CrudTest.php" line="118" class="Tests\Feature\Playground\Make\Controller\Console\Commands\RequestMakeCommand\CrudTest" classname="Tests.Feature.Playground.Make.Controller.Console.Commands.RequestMakeCommand.CrudTest" assertions="1" time="0.031511"/>
        <testcase name="test_command_make_default_request_with_force_and_without_skeleton" file="/app/tests/Feature/Console/Commands/RequestMakeCommand/CrudTest.php" line="129" class="Tests\Feature\Playground\Make\Controller\Console\Commands\RequestMakeCommand\CrudTest" classname="Tests.Feature.Playground.Make.Controller.Console.Commands.RequestMakeCommand.CrudTest" assertions="1" time="0.033320"/>
        <testcase name="test_command_make_default_request_with_force_and_with_skeleton" file="/app/tests/Feature/Console/Commands/RequestMakeCommand/CrudTest.php" line="140" class="Tests\Feature\Playground\Make\Controller\Console\Commands\RequestMakeCommand\CrudTest" classname="Tests.Feature.Playground.Make.Controller.Console.Commands.RequestMakeCommand.CrudTest" assertions="1" time="0.032370"/>
      </testsuite>
      <testsuite name="Tests\Feature\Playground\Make\Controller\Console\Commands\RequestMakeCommand\FileTest" file="/app/tests/Feature/Console/Commands/RequestMakeCommand/FileTest.php" tests="2" assertions="6" errors="0" failures="0" skipped="0" time="0.065195">
        <testcase name="test_command_make_request_with_force_and_without_skeleton" file="/app/tests/Feature/Console/Commands/RequestMakeCommand/FileTest.php" line="20" class="Tests\Feature\Playground\Make\Controller\Console\Commands\RequestMakeCommand\FileTest" classname="Tests.Feature.Playground.Make.Controller.Console.Commands.RequestMakeCommand.FileTest" assertions="3" time="0.032051"/>
        <testcase name="test_command_make_request_with_force_and_with_skeleton" file="/app/tests/Feature/Console/Commands/RequestMakeCommand/FileTest.php" line="39" class="Tests\Feature\Playground\Make\Controller\Console\Commands\RequestMakeCommand\FileTest" classname="Tests.Feature.Playground.Make.Controller.Console.Commands.RequestMakeCommand.FileTest" assertions="3" time="0.033144"/>
      </testsuite>
      <testsuite name="Tests\Feature\Playground\Make\Controller\Console\Commands\RequestMakeCommand\IndexTest" file="/app/tests/Feature/Console/Commands/RequestMakeCommand/IndexTest.php" tests="3" assertions="3" errors="0" failures="0" skipped="0" time="0.097618">
        <testcase name="test_command_make_FormRequest" file="/app/tests/Feature/Console/Commands/RequestMakeCommand/IndexTest.php" line="19" class="Tests\Feature\Playground\Make\Controller\Console\Commands\RequestMakeCommand\IndexTest" classname="Tests.Feature.Playground.Make.Controller.Console.Commands.RequestMakeCommand.IndexTest" assertions="1" time="0.031250"/>
        <testcase name="test_command_make_AbstractIndexRequest" file="/app/tests/Feature/Console/Commands/RequestMakeCommand/IndexTest.php" line="30" class="Tests\Feature\Playground\Make\Controller\Console\Commands\RequestMakeCommand\IndexTest" classname="Tests.Feature.Playground.Make.Controller.Console.Commands.RequestMakeCommand.IndexTest" assertions="1" time="0.034314"/>
        <testcase name="test_command_make_AbstractStoreRequest" file="/app/tests/Feature/Console/Commands/RequestMakeCommand/IndexTest.php" line="41" class="Tests\Feature\Playground\Make\Controller\Console\Commands\RequestMakeCommand\IndexTest" classname="Tests.Feature.Playground.Make.Controller.Console.Commands.RequestMakeCommand.IndexTest" assertions="1" time="0.032055"/>
      </testsuite>
      <testsuite name="Tests\Feature\Playground\Make\Controller\Console\Commands\RequestMakeCommand\ModelTest" file="/app/tests/Feature/Console/Commands/RequestMakeCommand/ModelTest.php" tests="4" assertions="4" errors="0" failures="0" skipped="0" time="0.158852">
        <testcase name="test_command_make_CreateRequest_with_force_and_without_skeleton" file="/app/tests/Feature/Console/Commands/RequestMakeCommand/ModelTest.php" line="19" class="Tests\Feature\Playground\Make\Controller\Console\Commands\RequestMakeCommand\ModelTest" classname="Tests.Feature.Playground.Make.Controller.Console.Commands.RequestMakeCommand.ModelTest" assertions="1" time="0.043038"/>
        <testcase name="test_command_make_IndexRequest_with_force_and_with_skeleton" file="/app/tests/Feature/Console/Commands/RequestMakeCommand/ModelTest.php" line="30" class="Tests\Feature\Playground\Make\Controller\Console\Commands\RequestMakeCommand\ModelTest" classname="Tests.Feature.Playground.Make.Controller.Console.Commands.RequestMakeCommand.ModelTest" assertions="1" time="0.050476"/>
        <testcase name="test_command_make_IndexRequest_with_force_and_with_skeleton_without_model_file" file="/app/tests/Feature/Console/Commands/RequestMakeCommand/ModelTest.php" line="41" class="Tests\Feature\Playground\Make\Controller\Console\Commands\RequestMakeCommand\ModelTest" classname="Tests.Feature.Playground.Make.Controller.Console.Commands.RequestMakeCommand.ModelTest" assertions="1" time="0.032914"/>
        <testcase name="test_command_make_IndexRequest_under_Subfolder_with_force_and_with_skeleton_without_model_file" file="/app/tests/Feature/Console/Commands/RequestMakeCommand/ModelTest.php" line="52" class="Tests\Feature\Playground\Make\Controller\Console\Commands\RequestMakeCommand\ModelTest" classname="Tests.Feature.Playground.Make.Controller.Console.Commands.RequestMakeCommand.ModelTest" assertions="1" time="0.032423"/>
      </testsuite>
      <testsuite name="Tests\Feature\Playground\Make\Controller\Console\Commands\ResourceMakeCommand\AbstractTest" file="/app/tests/Feature/Console/Commands/ResourceMakeCommand/AbstractTest.php" tests="4" assertions="4" errors="0" failures="0" skipped="0" time="0.120895">
        <testcase name="test_command_make_abstract_resource_with_force_and_without_skeleton" file="/app/tests/Feature/Console/Commands/ResourceMakeCommand/AbstractTest.php" line="19" class="Tests\Feature\Playground\Make\Controller\Console\Commands\ResourceMakeCommand\AbstractTest" classname="Tests.Feature.Playground.Make.Controller.Console.Commands.ResourceMakeCommand.AbstractTest" assertions="1" time="0.030174"/>
        <testcase name="test_command_make_abstract_resource_with_force_and_with_skeleton" file="/app/tests/Feature/Console/Commands/ResourceMakeCommand/AbstractTest.php" line="30" class="Tests\Feature\Playground\Make\Controller\Console\Commands\ResourceMakeCommand\AbstractTest" classname="Tests.Feature.Playground.Make.Controller.Console.Commands.ResourceMakeCommand.AbstractTest" assertions="1" time="0.030268"/>
        <testcase name="test_command_make_abstract_keys_resource_with_force_and_without_skeleton" file="/app/tests/Feature/Console/Commands/ResourceMakeCommand/AbstractTest.php" line="41" class="Tests\Feature\Playground\Make\Controller\Console\Commands\ResourceMakeCommand\AbstractTest" classname="Tests.Feature.Playground.Make.Controller.Console.Commands.ResourceMakeCommand.AbstractTest" assertions="1" time="0.029991"/>
        <testcase name="test_command_make_abstract_keys_resource_with_force_and_with_skeleton" file="/app/tests/Feature/Console/Commands/ResourceMakeCommand/AbstractTest.php" line="52" class="Tests\Feature\Playground\Make\Controller\Console\Commands\ResourceMakeCommand\AbstractTest" classname="Tests.Feature.Playground.Make.Controller.Console.Commands.ResourceMakeCommand.AbstractTest" assertions="1" time="0.030462"/>
      </testsuite>
      <testsuite name="Tests\Feature\Playground\Make\Controller\Console\Commands\ResourceMakeCommand\CollectionTest" file="/app/tests/Feature/Console/Commands/ResourceMakeCommand/CollectionTest.php" tests="5" assertions="5" errors="0" failures="0" skipped="0" time="0.151971">
        <testcase name="test_command_make_resource_with_force_and_without_skeleton" file="/app/tests/Feature/Console/Commands/ResourceMakeCommand/CollectionTest.php" line="19" class="Tests\Feature\Playground\Make\Controller\Console\Commands\ResourceMakeCommand\CollectionTest" classname="Tests.Feature.Playground.Make.Controller.Console.Commands.ResourceMakeCommand.CollectionTest" assertions="1" time="0.029475"/>
        <testcase name="test_command_make_collection_resource_with_force_and_with_skeleton" file="/app/tests/Feature/Console/Commands/ResourceMakeCommand/CollectionTest.php" line="30" class="Tests\Feature\Playground\Make\Controller\Console\Commands\ResourceMakeCommand\CollectionTest" classname="Tests.Feature.Playground.Make.Controller.Console.Commands.ResourceMakeCommand.CollectionTest" assertions="1" time="0.029817"/>
        <testcase name="test_command_make_named_collection_resource_with_force_and_with_skeleton" file="/app/tests/Feature/Console/Commands/ResourceMakeCommand/CollectionTest.php" line="41" class="Tests\Feature\Playground\Make\Controller\Console\Commands\ResourceMakeCommand\CollectionTest" classname="Tests.Feature.Playground.Make.Controller.Console.Commands.ResourceMakeCommand.CollectionTest" assertions="1" time="0.031954"/>
        <testcase name="test_command_make_named_collection_resource_with_option_with_force_and_with_skeleton" file="/app/tests/Feature/Console/Commands/ResourceMakeCommand/CollectionTest.php" line="52" class="Tests\Feature\Playground\Make\Controller\Console\Commands\ResourceMakeCommand\CollectionTest" classname="Tests.Feature.Playground.Make.Controller.Console.Commands.ResourceMakeCommand.CollectionTest" assertions="1" time="0.030321"/>
        <testcase name="test_command_make_collection_resource_with_option_with_force_and_with_skeleton" file="/app/tests/Feature/Console/Commands/ResourceMakeCommand/CollectionTest.php" line="63" class="Tests\Feature\Playground\Make\Controller\Console\Commands\ResourceMakeCommand\CollectionTest" classname="Tests.Feature.Playground.Make.Controller.Console.Commands.ResourceMakeCommand.CollectionTest" assertions="1" time="0.030403"/>
      </testsuite>
      <testsuite name="Tests\Feature\Playground\Make\Controller\Console\Commands\ResourceMakeCommand\CommandTest" file="/app/tests/Feature/Console/Commands/ResourceMakeCommand/CommandTest.php" tests="2" assertions="3" errors="0" failures="0" skipped="0" time="0.059761">
        <testcase name="test_command_without_options_or_arguments" file="/app/tests/Feature/Console/Commands/ResourceMakeCommand/CommandTest.php" line="19" class="Tests\Feature\Playground\Make\Controller\Console\Commands\ResourceMakeCommand\CommandTest" classname="Tests.Feature.Playground.Make.Controller.Console.Commands.ResourceMakeCommand.CommandTest" assertions="2" time="0.030609"/>
        <testcase name="test_command_skeleton" file="/app/tests/Feature/Console/Commands/ResourceMakeCommand/CommandTest.php" line="29" class="Tests\Feature\Playground\Make\Controller\Console\Commands\ResourceMakeCommand\CommandTest" classname="Tests.Feature.Playground.Make.Controller.Console.Commands.ResourceMakeCommand.CommandTest" assertions="1" time="0.029152"/>
      </testsuite>
      <testsuite name="Tests\Feature\Playground\Make\Controller\Console\Commands\ResourceMakeCommand\KeysTest" file="/app/tests/Feature/Console/Commands/ResourceMakeCommand/KeysTest.php" tests="2" assertions="2" errors="0" failures="0" skipped="0" time="0.060446">
        <testcase name="test_command_make_keys_resource_with_force_and_without_skeleton" file="/app/tests/Feature/Console/Commands/ResourceMakeCommand/KeysTest.php" line="19" class="Tests\Feature\Playground\Make\Controller\Console\Commands\ResourceMakeCommand\KeysTest" classname="Tests.Feature.Playground.Make.Controller.Console.Commands.ResourceMakeCommand.KeysTest" assertions="1" time="0.030078"/>
        <testcase name="test_command_make_keys_resource_with_force_and_with_skeleton" file="/app/tests/Feature/Console/Commands/ResourceMakeCommand/KeysTest.php" line="30" class="Tests\Feature\Playground\Make\Controller\Console\Commands\ResourceMakeCommand\KeysTest" classname="Tests.Feature.Playground.Make.Controller.Console.Commands.ResourceMakeCommand.KeysTest" assertions="1" time="0.030367"/>
      </testsuite>
      <testsuite name="Tests\Feature\Playground\Make\Controller\Console\Commands\ResourceMakeCommand\StubTest" file="/app/tests/Feature/Console/Commands/ResourceMakeCommand/StubTest.php" tests="2" assertions="4" errors="0" failures="0" skipped="0" time="0.061277">
        <testcase name="test_command_with_invalid_stubs_path_in_the_config" file="/app/tests/Feature/Console/Commands/ResourceMakeCommand/StubTest.php" line="21" class="Tests\Feature\Playground\Make\Controller\Console\Commands\ResourceMakeCommand\StubTest" classname="Tests.Feature.Playground.Make.Controller.Console.Commands.ResourceMakeCommand.StubTest" assertions="2" time="0.031574"/>
        <testcase name="test_command_with_invalid_path_to_stub_in_the_config" file="/app/tests/Feature/Console/Commands/ResourceMakeCommand/StubTest.php" line="43" class="Tests\Feature\Playground\Make\Controller\Console\Commands\ResourceMakeCommand\StubTest" classname="Tests.Feature.Playground.Make.Controller.Console.Commands.ResourceMakeCommand.StubTest" assertions="2" time="0.029704"/>
      </testsuite>
      <testsuite name="Tests\Feature\Playground\Make\Controller\Console\Commands\RouteMakeCommand\ApiTest" file="/app/tests/Feature/Console/Commands/RouteMakeCommand/ApiTest.php" tests="3" assertions="4" errors="0" failures="0" skipped="0" time="0.101002">
        <testcase name="test_command_make_playground_api_route_with_force_and_without_skeleton" file="/app/tests/Feature/Console/Commands/RouteMakeCommand/ApiTest.php" line="19" class="Tests\Feature\Playground\Make\Controller\Console\Commands\RouteMakeCommand\ApiTest" classname="Tests.Feature.Playground.Make.Controller.Console.Commands.RouteMakeCommand.ApiTest" assertions="1" time="0.036605"/>
        <testcase name="test_command_make_api_route_with_force_and_with_skeleton" file="/app/tests/Feature/Console/Commands/RouteMakeCommand/ApiTest.php" line="33" class="Tests\Feature\Playground\Make\Controller\Console\Commands\RouteMakeCommand\ApiTest" classname="Tests.Feature.Playground.Make.Controller.Console.Commands.RouteMakeCommand.ApiTest" assertions="1" time="0.035949"/>
        <testcase name="test_command_make_api_route_without_model_file" file="/app/tests/Feature/Console/Commands/RouteMakeCommand/ApiTest.php" line="47" class="Tests\Feature\Playground\Make\Controller\Console\Commands\RouteMakeCommand\ApiTest" classname="Tests.Feature.Playground.Make.Controller.Console.Commands.RouteMakeCommand.ApiTest" assertions="2" time="0.028448"/>
      </testsuite>
      <testsuite name="Tests\Feature\Playground\Make\Controller\Console\Commands\RouteMakeCommand\CommandTest" file="/app/tests/Feature/Console/Commands/RouteMakeCommand/CommandTest.php" tests="3" assertions="4" errors="0" failures="0" skipped="0" time="0.089938">
        <testcase name="test_command_without_options_or_arguments" file="/app/tests/Feature/Console/Commands/RouteMakeCommand/CommandTest.php" line="19" class="Tests\Feature\Playground\Make\Controller\Console\Commands\RouteMakeCommand\CommandTest" classname="Tests.Feature.Playground.Make.Controller.Console.Commands.RouteMakeCommand.CommandTest" assertions="2" time="0.026940"/>
        <testcase name="test_command_skeleton" file="/app/tests/Feature/Console/Commands/RouteMakeCommand/CommandTest.php" line="29" class="Tests\Feature\Playground\Make\Controller\Console\Commands\RouteMakeCommand\CommandTest" classname="Tests.Feature.Playground.Make.Controller.Console.Commands.RouteMakeCommand.CommandTest" assertions="1" time="0.028627"/>
        <testcase name="test_command_with_options" file="/app/tests/Feature/Console/Commands/RouteMakeCommand/CommandTest.php" line="38" class="Tests\Feature\Playground\Make\Controller\Console\Commands\RouteMakeCommand\CommandTest" classname="Tests.Feature.Playground.Make.Controller.Console.Commands.RouteMakeCommand.CommandTest" assertions="1" time="0.034371"/>
      </testsuite>
      <testsuite name="Tests\Feature\Playground\Make\Controller\Console\Commands\RouteMakeCommand\FileTest" file="/app/tests/Feature/Console/Commands/RouteMakeCommand/FileTest.php" tests="2" assertions="2" errors="0" failures="0" skipped="0" time="0.064192">
        <testcase name="test_command_make_route_with_force_and_without_skeleton" file="/app/tests/Feature/Console/Commands/RouteMakeCommand/FileTest.php" line="19" class="Tests\Feature\Playground\Make\Controller\Console\Commands\RouteMakeCommand\FileTest" classname="Tests.Feature.Playground.Make.Controller.Console.Commands.RouteMakeCommand.FileTest" assertions="1" time="0.032077"/>
        <testcase name="test_command_make_route_with_force_and_with_skeleton" file="/app/tests/Feature/Console/Commands/RouteMakeCommand/FileTest.php" line="33" class="Tests\Feature\Playground\Make\Controller\Console\Commands\RouteMakeCommand\FileTest" classname="Tests.Feature.Playground.Make.Controller.Console.Commands.RouteMakeCommand.FileTest" assertions="1" time="0.032115"/>
      </testsuite>
      <testsuite name="Tests\Feature\Playground\Make\Controller\Console\Commands\RouteMakeCommand\ResourceTest" file="/app/tests/Feature/Console/Commands/RouteMakeCommand/ResourceTest.php" tests="6" assertions="7" errors="0" failures="0" skipped="0" time="0.205469">
        <testcase name="test_command_make_playground_resource_route_with_force_and_without_skeleton" file="/app/tests/Feature/Console/Commands/RouteMakeCommand/ResourceTest.php" line="19" class="Tests\Feature\Playground\Make\Controller\Console\Commands\RouteMakeCommand\ResourceTest" classname="Tests.Feature.Playground.Make.Controller.Console.Commands.RouteMakeCommand.ResourceTest" assertions="1" time="0.035261"/>
        <testcase name="test_command_make_resource_route_with_force_and_with_skeleton" file="/app/tests/Feature/Console/Commands/RouteMakeCommand/ResourceTest.php" line="33" class="Tests\Feature\Playground\Make\Controller\Console\Commands\RouteMakeCommand\ResourceTest" classname="Tests.Feature.Playground.Make.Controller.Console.Commands.RouteMakeCommand.ResourceTest" assertions="1" time="0.035215"/>
        <testcase name="test_command_make_resource_route_without_model_file" file="/app/tests/Feature/Console/Commands/RouteMakeCommand/ResourceTest.php" line="47" class="Tests\Feature\Playground\Make\Controller\Console\Commands\RouteMakeCommand\ResourceTest" classname="Tests.Feature.Playground.Make.Controller.Console.Commands.RouteMakeCommand.ResourceTest" assertions="2" time="0.027355"/>
        <testcase name="test_command_make_playground_resource_index_route_with_force_and_without_skeleton" file="/app/tests/Feature/Console/Commands/RouteMakeCommand/ResourceTest.php" line="57" class="Tests\Feature\Playground\Make\Controller\Console\Commands\RouteMakeCommand\ResourceTest" classname="Tests.Feature.Playground.Make.Controller.Console.Commands.RouteMakeCommand.ResourceTest" assertions="1" time="0.037562"/>
        <testcase name="test_command_make_resource_index_route_with_force_and_with_skeleton" file="/app/tests/Feature/Console/Commands/RouteMakeCommand/ResourceTest.php" line="71" class="Tests\Feature\Playground\Make\Controller\Console\Commands\RouteMakeCommand\ResourceTest" classname="Tests.Feature.Playground.Make.Controller.Console.Commands.RouteMakeCommand.ResourceTest" assertions="1" time="0.037852"/>
        <testcase name="test_command_make_resource_index_route_without_model_file" file="/app/tests/Feature/Console/Commands/RouteMakeCommand/ResourceTest.php" line="85" class="Tests\Feature\Playground\Make\Controller\Console\Commands\RouteMakeCommand\ResourceTest" classname="Tests.Feature.Playground.Make.Controller.Console.Commands.RouteMakeCommand.ResourceTest" assertions="1" time="0.032223"/>
      </testsuite>
    </testsuite>
  </testsuite>
</testsuites>
